Log file open, 12/20/24 14:22:19
LogWindows: Failed to load 'aqProf.dll' (GetLastError=126)
LogWindows: File 'aqProf.dll' does not exist
LogWindows: Failed to load 'VtuneApi.dll' (GetLastError=126)
LogWindows: File 'VtuneApi.dll' does not exist
LogWindows: Failed to load 'VtuneApi32e.dll' (GetLastError=126)
LogWindows: File 'VtuneApi32e.dll' does not exist
LogConsoleResponse: Display: Failed to find resolution value strings in scalability ini. Falling back to default.
LogConsoleResponse: Display: Failed to find resolution value strings in scalability ini. Falling back to default.
LogInit: Display: Running engine for game: Unreal_R4D2_Copy
LogPlatformFile: Not using cached read wrapper
LogTaskGraph: Started task graph with 5 named threads and 59 total threads with 3 sets of task threads.
LogStats: Stats thread started at 0.178009
LogICUInternationalization: ICU TimeZone Detection - Raw Offset: +9:00, Platform Override: ''
LogInit: Display: Loading text-based GConfig....
LogPluginManager: Mounting plugin MeshPainting
LogPluginManager: Mounting plugin XGEController
LogPluginManager: Mounting plugin Paper2D
LogPluginManager: Mounting plugin LiveLink
LogPluginManager: Mounting plugin AISupport
LogPluginManager: Mounting plugin EnvironmentQueryEditor
LogPluginManager: Mounting plugin LightPropagationVolume
LogPluginManager: Mounting plugin AnimationSharing
LogPluginManager: Mounting plugin CLionSourceCodeAccess
LogPluginManager: Mounting plugin CodeLiteSourceCodeAccess
LogPluginManager: Mounting plugin KDevelopSourceCodeAccess
LogPluginManager: Mounting plugin GitSourceControl
LogPluginManager: Mounting plugin PerforceSourceControl
LogPluginManager: Mounting plugin PixWinPlugin
LogPluginManager: Mounting plugin PlasticSourceControl
LogPluginManager: Mounting plugin PropertyAccessNode
LogPluginManager: Mounting plugin PluginUtils
LogPluginManager: Mounting plugin OodleNetwork
LogPluginManager: Mounting plugin RiderSourceCodeAccess
LogPluginManager: Mounting plugin SubversionSourceControl
LogPluginManager: Mounting plugin OodleData
LogPluginManager: Mounting plugin VisualStudioCodeSourceCodeAccess
LogPluginManager: Mounting plugin NullSourceCodeAccess
LogPluginManager: Mounting plugin VisualStudioSourceCodeAccess
LogPluginManager: Mounting plugin XCodeSourceCodeAccess
LogPluginManager: Mounting plugin AssetManagerEditor
LogPluginManager: Mounting plugin UObjectPlugin
LogPluginManager: Mounting plugin CameraShakePreviewer
LogPluginManager: Mounting plugin TextureFormatOodle
LogPluginManager: Mounting plugin AlembicImporter
LogPluginManager: Mounting plugin CurveEditorTools
LogPluginManager: Mounting plugin AutomationUtils
LogPluginManager: Mounting plugin FacialAnimation
LogPluginManager: Mounting plugin DatasmithContent
LogPluginManager: Mounting plugin DataValidation
LogPluginManager: Mounting plugin MaterialAnalyzer
LogPluginManager: Mounting plugin CryptoKeys
LogPluginManager: Mounting plugin GameplayCameras
LogPluginManager: Mounting plugin MacGraphicsSwitching
LogPluginManager: Mounting plugin VariantManagerContent
LogPluginManager: Mounting plugin ChaosEditor
LogPluginManager: Mounting plugin ChaosCloth
LogPluginManager: Mounting plugin ChaosNiagara
LogPluginManager: Mounting plugin GameplayTagsEditor
LogPluginManager: Mounting plugin GeometryMode
LogPluginManager: Mounting plugin BackChannel
LogPluginManager: Mounting plugin ChaosClothEditor
LogPluginManager: Mounting plugin CharacterAI
LogPluginManager: Mounting plugin PluginBrowser
LogPluginManager: Mounting plugin ChaosSolverPlugin
LogPluginManager: Mounting plugin Niagara
LogPluginManager: Mounting plugin MobileLauncherProfileWizard
LogPluginManager: Mounting plugin GeometryCollectionPlugin
LogPluginManager: Mounting plugin GeometryCache
LogPluginManager: Mounting plugin PlatformCrypto
LogPluginManager: Mounting plugin OpenImageDenoise
LogPluginManager: Mounting plugin PythonScriptPlugin
LogPluginManager: Mounting plugin MotoSynth
LogPluginManager: Mounting plugin PlanarCut
LogPluginManager: Mounting plugin ProxyLODPlugin
LogPluginManager: Mounting plugin GeometryProcessing
LogPluginManager: Mounting plugin LuminPlatformFeatures
LogPluginManager: Mounting plugin SpeedTreeImporter
LogPluginManager: Mounting plugin MagicLeapLightEstimation
LogPluginManager: Mounting plugin SkeletalReduction
LogPluginManager: Mounting plugin MagicLeapPassableWorld
LogPluginManager: Mounting plugin MLSDK
LogPluginManager: Mounting plugin AvfMedia
LogPluginManager: Mounting plugin AndroidMedia
LogPluginManager: Mounting plugin MagicLeapMedia
LogPluginManager: Mounting plugin MediaCompositing
LogPluginManager: Mounting plugin MediaPlayerEditor
LogPluginManager: Mounting plugin WebMMedia
LogPluginManager: Mounting plugin WmfMedia
LogPluginManager: Mounting plugin TcpMessaging
LogPluginManager: Mounting plugin UdpMessaging
LogPluginManager: Mounting plugin MatineeToLevelSequence
LogPluginManager: Mounting plugin LevelSequenceEditor
LogPluginManager: Mounting plugin ImgMedia
LogPluginManager: Mounting plugin TemplateSequence
LogPluginManager: Mounting plugin ActorSequence
LogPluginManager: Mounting plugin OnlineSubsystem
LogPluginManager: Mounting plugin OnlineSubsystemNull
LogPluginManager: Mounting plugin ActorLayerUtilities
LogPluginManager: Mounting plugin AndroidDeviceProfileSelector
LogPluginManager: Mounting plugin AndroidMoviePlayer
LogPluginManager: Mounting plugin LauncherChunkInstaller
LogPluginManager: Mounting plugin AndroidPermission
LogPluginManager: Mounting plugin AppleImageUtils
LogPluginManager: Mounting plugin AppleMoviePlayer
LogPluginManager: Mounting plugin AudioCapture
LogPluginManager: Mounting plugin AssetTags
LogPluginManager: Mounting plugin AudioSynesthesia
LogPluginManager: Mounting plugin CableComponent
LogPluginManager: Mounting plugin CustomMeshComponent
LogPluginManager: Mounting plugin ArchVisCharacter
LogPluginManager: Mounting plugin ExampleDeviceProfileSelector
LogPluginManager: Mounting plugin ChunkDownloader
LogPluginManager: Mounting plugin EditableMesh
LogPluginManager: Mounting plugin GoogleCloudMessaging
LogPluginManager: Mounting plugin ScreenshotTools
LogPluginManager: Mounting plugin IOSDeviceProfileSelector
LogPluginManager: Mounting plugin GooglePAD
LogPluginManager: Mounting plugin LocationServicesBPLibrary
LogPluginManager: Mounting plugin LinuxDeviceProfileSelector
LogPluginManager: Mounting plugin MobilePatchingUtils
LogPluginManager: Mounting plugin OnlineSubsystemUtils
LogPluginManager: Mounting plugin OpenXREyeTracker
LogPluginManager: Mounting plugin OpenXR
LogPluginManager: Mounting plugin OpenXRHandTracking
LogPluginManager: Mounting plugin PostSplashScreen
LogPluginManager: Mounting plugin RuntimePhysXCooking
LogPluginManager: Mounting plugin PhysXVehicles
LogPluginManager: Mounting plugin PropertyAccessEditor
LogPluginManager: Mounting plugin MagicLeap
LogPluginManager: Mounting plugin ProceduralMeshComponent
LogPluginManager: Mounting plugin SoundFields
LogPluginManager: Mounting plugin SignificanceManager
LogPluginManager: Mounting plugin Synthesis
LogPluginManager: Mounting plugin Takes
LogPluginManager: Mounting plugin WebMMoviePlayer
LogPluginManager: Mounting plugin WindowsMoviePlayer
LogPluginManager: Mounting plugin ContentBrowserFileDataSource
LogPluginManager: Mounting plugin ContentBrowserClassDataSource
LogPluginManager: Mounting plugin ContentBrowserAssetDataSource
LogPluginManager: Mounting plugin OnlineSubsystemIOS
LogPluginManager: Mounting plugin OnlineSubsystemGooglePlay
LogPluginManager: Mounting plugin OculusVR
LogPluginManager: Mounting plugin SteamVR
LogInit: Warning: Incompatible or missing module: Unreal_R4D2_Copy
Running C:/Program Files/Epic Games/UE_4.27/Engine/Binaries/DotNET/UnrealBuildTool.exe Development Win64 -Project="C:/Users/admin/Documents/GitHub/Unreal/Unreal_R4D2_Copy/Unreal_R4D2_Copy.uproject" -TargetType=Editor -Progress -NoEngineChanges -NoHotReloadFromIDE
Using 'git status' to determine working set for adaptive non-unity build (C:\Users\admin\Documents\GitHub\Unreal).
Creating makefile for Unreal_R4D2_CopyEditor (.uproject file is newer)
@progress push 5%
Parsing headers for Unreal_R4D2_CopyEditor
  Running UnrealHeaderTool "C:\Users\admin\Documents\GitHub\Unreal\Unreal_R4D2_Copy\Unreal_R4D2_Copy.uproject" "C:\Users\admin\Documents\GitHub\Unreal\Unreal_R4D2_Copy\Intermediate\Build\Win64\Unreal_R4D2_CopyEditor\Development\Unreal_R4D2_CopyEditor.uhtmanifest" -LogCmds="loginit warning, logexit warning, logdatabase error" -Unattended -WarningsAsErrors -abslog="C:\Users\admin\AppData\Local\UnrealBuildTool\Log_UHT.txt" -installed
LogInit: Display: Loading text-based GConfig....
Reflection code generated for Unreal_R4D2_CopyEditor in 10.8846294 seconds
@progress pop
Building Unreal_R4D2_CopyEditor...
Using Visual Studio 2022 14.38.33133 toolchain (C:\Program Files\Microsoft Visual Studio\2022\Community\VC\Tools\MSVC\14.38.33130) and Windows 10.0.22621.0 SDK (C:\Program Files (x86)\Windows Kits\10).
Building 9 actions with 20 processes...
  @progress 'Compiling C++ source code...' 0%
  @progress 'Compiling C++ source code...' 11%
  [1/9] Default.rc2
  @progress 'Compiling C++ source code...' 22%
  [2/9] SharedPCH.Engine.ShadowErrors.cpp
  Detected compiler newer than Visual Studio 2019, please update min version checking in WindowsPlatformCompilerSetup.h
  @progress 'Compiling C++ source code...' 33%
  [3/9] Unreal_R4D2_Copy.cpp
  @progress 'Compiling C++ source code...' 44%
  [4/9] Unreal_R4D2_CopyGameModeBase.cpp
  @progress 'Compiling C++ source code...' 56%
  [5/9] Unreal_R4D2_Copy.init.gen.cpp
  @progress 'Compiling C++ source code...' 67%
  [6/9] Unreal_R4D2_CopyGameModeBase.gen.cpp
  @progress 'Compiling C++ source code...' 78%
  [7/9] UE4Editor-Unreal_R4D2_Copy.lib
     C:\Users\admin\Documents\GitHub\Unreal\Unreal_R4D2_Copy\Intermediate\Build\Win64\UE4Editor\Development\Unreal_R4D2_Copy\UE4Editor-Unreal_R4D2_Copy.lib ???̺귯?? ?? C:\Users\admin\Documents\GitHub\Unreal\Unreal_R4D2_Copy\Intermediate\Build\Win64\UE4Editor\Development\Unreal_R4D2_Copy\UE4Editor-Unreal_R4D2_Copy.exp ??ü?? ?????ϰ? ?ֽ??ϴ?.
  @progress 'Compiling C++ source code...' 89%
  [8/9] UE4Editor-Unreal_R4D2_Copy.dll
     C:\Users\admin\Documents\GitHub\Unreal\Unreal_R4D2_Copy\Intermediate\Build\Win64\UE4Editor\Development\Unreal_R4D2_Copy\UE4Editor-Unreal_R4D2_Copy.suppressed.lib ???̺귯?? ?? C:\Users\admin\Documents\GitHub\Unreal\Unreal_R4D2_Copy\Intermediate\Build\Win64\UE4Editor\Development\Unreal_R4D2_Copy\UE4Editor-Unreal_R4D2_Copy.suppressed.exp ??ü?? ?????ϰ? ?ֽ??ϴ?.
  @progress 'Compiling C++ source code...' 100%
  [9/9] Unreal_R4D2_CopyEditor.target
Total time in Parallel executor: 15.76 seconds
Total execution time: 30.34 seconds
PixWinPlugin: PIX capture plugin failed to initialize! Check that the process is launched from PIX.
LogInit: Using libcurl 7.55.1-DEV
LogInit:  - built for x86_64-pc-win32
LogInit:  - supports SSL with OpenSSL/1.1.1
LogInit:  - supports HTTP deflate (compression) using libz 1.2.8
LogInit:  - other features:
LogInit:      CURL_VERSION_SSL
LogInit:      CURL_VERSION_LIBZ
LogInit:      CURL_VERSION_IPV6
LogInit:      CURL_VERSION_ASYNCHDNS
LogInit:      CURL_VERSION_LARGEFILE
LogInit:      CURL_VERSION_IDN
LogInit:  CurlRequestOptions (configurable via config and command line):
LogInit:  - bVerifyPeer = true  - Libcurl will verify peer certificate
LogInit:  - bUseHttpProxy = false  - Libcurl will NOT use HTTP proxy
LogInit:  - bDontReuseConnections = false  - Libcurl will reuse connections
LogInit:  - MaxHostConnections = 16  - Libcurl will limit the number of connections to a host
LogInit:  - LocalHostAddr = Default
LogInit:  - BufferSize = 65536
LogOnline: OSS: Creating online subsystem instance for: NULL
LogInit: WinSock: version 1.1 (2.2), MaxSocks=32767, MaxUdp=65467
LogOnline: OSS: TryLoadSubsystemAndSetDefault: Loaded subsystem for module [NULL]
LogOculusPluginWrapper: OculusPlugin initialized successfully
LogHMD: Failed initializing OVRPlugin 1.59.0
LogInit: Build: ++UE4+Release-4.27-CL-18319896
LogInit: Engine Version: 4.27.2-18319896+++UE4+Release-4.27
LogInit: Compatible Engine Version: 4.27.0-17155196+++UE4+Release-4.27
LogInit: Net CL: 17155196
LogInit: OS: Windows 10 (Release 2009) (), CPU: 12th Gen Intel(R) Core(TM) i9-12900H, GPU: NVIDIA GeForce RTX 3080 Laptop GPU
LogInit: Compiled (64-bit): Nov 30 2021 07:12:08
LogInit: Compiled with Visual C++: 19.24.28315.00
LogInit: Build Configuration: Development
LogInit: Branch Name: ++UE4+Release-4.27
LogInit: Command Line: 
LogInit: Base Directory: C:/Program Files/Epic Games/UE_4.27/Engine/Binaries/Win64/
LogInit: Allocator: TBB
LogInit: Installed Engine Build: 1
LogDevObjectVersion: Number of dev versions registered: 29
LogDevObjectVersion:   Dev-Blueprints (B0D832E4-1F89-4F0D-ACCF-7EB736FD4AA2): 10
LogDevObjectVersion:   Dev-Build (E1C64328-A22C-4D53-A36C-8E866417BD8C): 0
LogDevObjectVersion:   Dev-Core (375EC13C-06E4-48FB-B500-84F0262A717E): 4
LogDevObjectVersion:   Dev-Editor (E4B068ED-F494-42E9-A231-DA0B2E46BB41): 40
LogDevObjectVersion:   Dev-Framework (CFFC743F-43B0-4480-9391-14DF171D2073): 37
LogDevObjectVersion:   Dev-Mobile (B02B49B5-BB20-44E9-A304-32B752E40360): 3
LogDevObjectVersion:   Dev-Networking (A4E4105C-59A1-49B5-A7C5-40C4547EDFEE): 0
LogDevObjectVersion:   Dev-Online (39C831C9-5AE6-47DC-9A44-9C173E1C8E7C): 0
LogDevObjectVersion:   Dev-Physics (78F01B33-EBEA-4F98-B9B4-84EACCB95AA2): 14
LogDevObjectVersion:   Dev-Platform (6631380F-2D4D-43E0-8009-CF276956A95A): 0
LogDevObjectVersion:   Dev-Rendering (12F88B9F-8875-4AFC-A67C-D90C383ABD29): 45
LogDevObjectVersion:   Dev-Sequencer (7B5AE74C-D270-4C10-A958-57980B212A5A): 13
LogDevObjectVersion:   Dev-VR (D7296918-1DD6-4BDD-9DE2-64A83CC13884): 3
LogDevObjectVersion:   Dev-LoadTimes (C2A15278-BFE7-4AFE-6C17-90FF531DF755): 1
LogDevObjectVersion:   Private-Geometry (6EACA3D4-40EC-4CC1-B786-8BED09428FC5): 3
LogDevObjectVersion:   Dev-AnimPhys (29E575DD-E0A3-4627-9D10-D276232CDCEA): 17
LogDevObjectVersion:   Dev-Anim (AF43A65D-7FD3-4947-9873-3E8ED9C1BB05): 15
LogDevObjectVersion:   Dev-ReflectionCapture (6B266CEC-1EC7-4B8F-A30B-E4D90942FC07): 1
LogDevObjectVersion:   Dev-Automation (0DF73D61-A23F-47EA-B727-89E90C41499A): 1
LogDevObjectVersion:   FortniteMain (601D1886-AC64-4F84-AA16-D3DE0DEAC7D6): 47
LogDevObjectVersion:   FortniteRelease (E7086368-6B23-4C58-8439-1B7016265E91): 1
LogDevObjectVersion:   Dev-Enterprise (9DFFBCD6-494F-0158-E221-12823C92A888): 10
LogDevObjectVersion:   Dev-Niagara (F2AED0AC-9AFE-416F-8664-AA7FFA26D6FC): 1
LogDevObjectVersion:   Dev-Destruction (174F1F0B-B4C6-45A5-B13F-2EE8D0FB917D): 10
LogDevObjectVersion:   Dev-Physics-Ext (35F94A83-E258-406C-A318-09F59610247C): 41
LogDevObjectVersion:   Dev-PhysicsMaterial-Chaos (B68FC16E-8B1B-42E2-B453-215C058844FE): 1
LogDevObjectVersion:   Dev-CineCamera (B2E18506-4273-CFC2-A54E-F4BB758BBA07): 1
LogDevObjectVersion:   Dev-VirtualProduction (64F58936-FD1B-42BA-BA96-7289D5D0FA4E): 1
LogDevObjectVersion:   Dev-MediaFramework (6F0ED827-A609-4895-9C91-998D90180EA4): 2
LogInit: Presizing for max 25165824 objects, including 0 objects not considered by GC, pre-allocating 0 bytes for permanent pool.
LogConfig: Applying CVar settings from Section [/Script/Engine.StreamingSettings] File [C:/Users/admin/Documents/GitHub/Unreal/Unreal_R4D2_Copy/Saved/Config/Windows/Engine.ini]
LogConfig: Setting CVar [[s.MinBulkDataSizeForAsyncLoading:131072]]
LogConfig: Setting CVar [[s.AsyncLoadingThreadEnabled:0]]
LogConfig: Setting CVar [[s.EventDrivenLoaderEnabled:1]]
LogConfig: Setting CVar [[s.WarnIfTimeLimitExceeded:0]]
LogConfig: Setting CVar [[s.TimeLimitExceededMultiplier:1.5]]
LogConfig: Setting CVar [[s.TimeLimitExceededMinTime:0.005]]
LogConfig: Setting CVar [[s.UseBackgroundLevelStreaming:1]]
LogConfig: Setting CVar [[s.PriorityAsyncLoadingExtraTime:15.0]]
LogConfig: Setting CVar [[s.LevelStreamingActorsUpdateTimeLimit:5.0]]
LogConfig: Setting CVar [[s.PriorityLevelStreamingActorsUpdateExtraTime:5.0]]
LogConfig: Setting CVar [[s.LevelStreamingComponentsRegistrationGranularity:10]]
LogConfig: Setting CVar [[s.UnregisterComponentsTimeLimit:1.0]]
LogConfig: Setting CVar [[s.LevelStreamingComponentsUnregistrationGranularity:5]]
LogConfig: Setting CVar [[s.FlushStreamingOnExit:1]]
LogInit: Object subsystem initialized
LogConfig: Setting CVar [[con.DebugEarlyDefault:1]]
LogConfig: Setting CVar [[r.setres:1280x720]]
[2024.12.20-05.22.52:689][  0]LogConfig: Setting CVar [[r.VSync:0]]
[2024.12.20-05.22.52:689][  0]LogConfig: Setting CVar [[r.RHICmdBypass:0]]
[2024.12.20-05.22.52:689][  0]LogConfig: Applying CVar settings from Section [/Script/Engine.RendererSettings] File [C:/Users/admin/Documents/GitHub/Unreal/Unreal_R4D2_Copy/Saved/Config/Windows/Engine.ini]
[2024.12.20-05.22.52:689][  0]LogConfig: Setting CVar [[r.GPUCrashDebugging:0]]
[2024.12.20-05.22.52:689][  0]LogConfig: Applying CVar settings from Section [/Script/Engine.RendererOverrideSettings] File [C:/Users/admin/Documents/GitHub/Unreal/Unreal_R4D2_Copy/Saved/Config/Windows/Engine.ini]
[2024.12.20-05.22.52:689][  0]LogConfig: Applying CVar settings from Section [/Script/Engine.StreamingSettings] File [C:/Users/admin/Documents/GitHub/Unreal/Unreal_R4D2_Copy/Saved/Config/Windows/Engine.ini]
[2024.12.20-05.22.52:689][  0]LogConfig: Setting CVar [[s.MinBulkDataSizeForAsyncLoading:131072]]
[2024.12.20-05.22.52:689][  0]LogConfig: Setting CVar [[s.AsyncLoadingThreadEnabled:0]]
[2024.12.20-05.22.52:689][  0]LogConfig: Setting CVar [[s.EventDrivenLoaderEnabled:1]]
[2024.12.20-05.22.52:689][  0]LogConfig: Setting CVar [[s.WarnIfTimeLimitExceeded:0]]
[2024.12.20-05.22.52:689][  0]LogConfig: Setting CVar [[s.TimeLimitExceededMultiplier:1.5]]
[2024.12.20-05.22.52:689][  0]LogConfig: Setting CVar [[s.TimeLimitExceededMinTime:0.005]]
[2024.12.20-05.22.52:689][  0]LogConfig: Setting CVar [[s.UseBackgroundLevelStreaming:1]]
[2024.12.20-05.22.52:689][  0]LogConfig: Setting CVar [[s.PriorityAsyncLoadingExtraTime:15.0]]
[2024.12.20-05.22.52:689][  0]LogConfig: Setting CVar [[s.LevelStreamingActorsUpdateTimeLimit:5.0]]
[2024.12.20-05.22.52:689][  0]LogConfig: Setting CVar [[s.PriorityLevelStreamingActorsUpdateExtraTime:5.0]]
[2024.12.20-05.22.52:689][  0]LogConfig: Setting CVar [[s.LevelStreamingComponentsRegistrationGranularity:10]]
[2024.12.20-05.22.52:689][  0]LogConfig: Setting CVar [[s.UnregisterComponentsTimeLimit:1.0]]
[2024.12.20-05.22.52:689][  0]LogConfig: Setting CVar [[s.LevelStreamingComponentsUnregistrationGranularity:5]]
[2024.12.20-05.22.52:689][  0]LogConfig: Setting CVar [[s.FlushStreamingOnExit:1]]
[2024.12.20-05.22.52:689][  0]LogConfig: Applying CVar settings from Section [/Script/Engine.GarbageCollectionSettings] File [C:/Users/admin/Documents/GitHub/Unreal/Unreal_R4D2_Copy/Saved/Config/Windows/Engine.ini]
[2024.12.20-05.22.52:689][  0]LogConfig: Setting CVar [[gc.MaxObjectsNotConsideredByGC:1]]
[2024.12.20-05.22.52:689][  0]LogConfig: Setting CVar [[gc.SizeOfPermanentObjectPool:0]]
[2024.12.20-05.22.52:689][  0]LogConfig: Setting CVar [[gc.FlushStreamingOnGC:0]]
[2024.12.20-05.22.52:689][  0]LogConfig: Setting CVar [[gc.NumRetriesBeforeForcingGC:10]]
[2024.12.20-05.22.52:689][  0]LogConfig: Setting CVar [[gc.AllowParallelGC:1]]
[2024.12.20-05.22.52:689][  0]LogConfig: Setting CVar [[gc.TimeBetweenPurgingPendingKillObjects:61.1]]
[2024.12.20-05.22.52:689][  0]LogConfig: Setting CVar [[gc.MaxObjectsInEditor:25165824]]
[2024.12.20-05.22.52:689][  0]LogConfig: Setting CVar [[gc.IncrementalBeginDestroyEnabled:1]]
[2024.12.20-05.22.52:689][  0]LogConfig: Setting CVar [[gc.CreateGCClusters:1]]
[2024.12.20-05.22.52:689][  0]LogConfig: Setting CVar [[gc.MinGCClusterSize:5]]
[2024.12.20-05.22.52:689][  0]LogConfig: Setting CVar [[gc.ActorClusteringEnabled:0]]
[2024.12.20-05.22.52:689][  0]LogConfig: Setting CVar [[gc.BlueprintClusteringEnabled:0]]
[2024.12.20-05.22.52:689][  0]LogConfig: Setting CVar [[gc.UseDisregardForGCOnDedicatedServers:0]]
[2024.12.20-05.22.52:689][  0]LogConfig: Setting CVar [[gc.MultithreadedDestructionEnabled:1]]
[2024.12.20-05.22.52:689][  0]LogConfig: Applying CVar settings from Section [/Script/Engine.NetworkSettings] File [C:/Users/admin/Documents/GitHub/Unreal/Unreal_R4D2_Copy/Saved/Config/Windows/Engine.ini]
[2024.12.20-05.22.52:689][  0]LogConfig: Applying CVar settings from Section [/Script/UnrealEd.CookerSettings] File [C:/Users/admin/Documents/GitHub/Unreal/Unreal_R4D2_Copy/Saved/Config/Windows/Engine.ini]
[2024.12.20-05.22.52:693][  0]LogConfig: Applying CVar settings from Section [ViewDistanceQuality@3] File [C:/Users/admin/Documents/GitHub/Unreal/Unreal_R4D2_Copy/Saved/Config/Windows/Scalability.ini]
[2024.12.20-05.22.52:693][  0]LogConfig: Setting CVar [[r.SkeletalMeshLODBias:0]]
[2024.12.20-05.22.52:693][  0]LogConfig: Setting CVar [[r.ViewDistanceScale:1.0]]
[2024.12.20-05.22.52:693][  0]LogConfig: Applying CVar settings from Section [AntiAliasingQuality@3] File [C:/Users/admin/Documents/GitHub/Unreal/Unreal_R4D2_Copy/Saved/Config/Windows/Scalability.ini]
[2024.12.20-05.22.52:693][  0]LogConfig: Setting CVar [[r.PostProcessAAQuality:4]]
[2024.12.20-05.22.52:693][  0]LogConfig: Applying CVar settings from Section [ShadowQuality@3] File [C:/Users/admin/Documents/GitHub/Unreal/Unreal_R4D2_Copy/Saved/Config/Windows/Scalability.ini]
[2024.12.20-05.22.52:693][  0]LogConfig: Setting CVar [[r.LightFunctionQuality:1]]
[2024.12.20-05.22.52:693][  0]LogConfig: Setting CVar [[r.ShadowQuality:5]]
[2024.12.20-05.22.52:693][  0]LogConfig: Setting CVar [[r.Shadow.CSM.MaxCascades:10]]
[2024.12.20-05.22.52:693][  0]LogConfig: Setting CVar [[r.Shadow.MaxResolution:2048]]
[2024.12.20-05.22.52:693][  0]LogConfig: Setting CVar [[r.Shadow.MaxCSMResolution:2048]]
[2024.12.20-05.22.52:693][  0]LogConfig: Setting CVar [[r.Shadow.RadiusThreshold:0.01]]
[2024.12.20-05.22.52:693][  0]LogConfig: Setting CVar [[r.Shadow.DistanceScale:1.0]]
[2024.12.20-05.22.52:693][  0]LogConfig: Setting CVar [[r.Shadow.CSM.TransitionScale:1.0]]
[2024.12.20-05.22.52:693][  0]LogConfig: Setting CVar [[r.Shadow.PreShadowResolutionFactor:1.0]]
[2024.12.20-05.22.52:693][  0]LogConfig: Setting CVar [[r.DistanceFieldShadowing:1]]
[2024.12.20-05.22.52:693][  0]LogConfig: Setting CVar [[r.DistanceFieldAO:1]]
[2024.12.20-05.22.52:693][  0]LogConfig: Setting CVar [[r.AOQuality:2]]
[2024.12.20-05.22.52:693][  0]LogConfig: Setting CVar [[r.VolumetricFog:1]]
[2024.12.20-05.22.52:693][  0]LogConfig: Setting CVar [[r.VolumetricFog.GridPixelSize:8]]
[2024.12.20-05.22.52:693][  0]LogConfig: Setting CVar [[r.VolumetricFog.GridSizeZ:128]]
[2024.12.20-05.22.52:693][  0]LogConfig: Setting CVar [[r.VolumetricFog.HistoryMissSupersampleCount:4]]
[2024.12.20-05.22.52:693][  0]LogConfig: Setting CVar [[r.LightMaxDrawDistanceScale:1]]
[2024.12.20-05.22.52:693][  0]LogConfig: Setting CVar [[r.CapsuleShadows:1]]
[2024.12.20-05.22.52:693][  0]LogConfig: Applying CVar settings from Section [PostProcessQuality@3] File [C:/Users/admin/Documents/GitHub/Unreal/Unreal_R4D2_Copy/Saved/Config/Windows/Scalability.ini]
[2024.12.20-05.22.52:693][  0]LogConfig: Setting CVar [[r.MotionBlurQuality:4]]
[2024.12.20-05.22.52:693][  0]LogConfig: Setting CVar [[r.AmbientOcclusionMipLevelFactor:0.4]]
[2024.12.20-05.22.52:694][  0]LogConfig: Setting CVar [[r.AmbientOcclusionMaxQuality:100]]
[2024.12.20-05.22.52:694][  0]LogConfig: Setting CVar [[r.AmbientOcclusionLevels:-1]]
[2024.12.20-05.22.52:694][  0]LogConfig: Setting CVar [[r.AmbientOcclusionRadiusScale:1.0]]
[2024.12.20-05.22.52:694][  0]LogConfig: Setting CVar [[r.DepthOfFieldQuality:2]]
[2024.12.20-05.22.52:694][  0]LogConfig: Setting CVar [[r.RenderTargetPoolMin:400]]
[2024.12.20-05.22.52:694][  0]LogConfig: Setting CVar [[r.LensFlareQuality:2]]
[2024.12.20-05.22.52:694][  0]LogConfig: Setting CVar [[r.SceneColorFringeQuality:1]]
[2024.12.20-05.22.52:694][  0]LogConfig: Setting CVar [[r.EyeAdaptationQuality:2]]
[2024.12.20-05.22.52:694][  0]LogConfig: Setting CVar [[r.BloomQuality:5]]
[2024.12.20-05.22.52:694][  0]LogConfig: Setting CVar [[r.FastBlurThreshold:100]]
[2024.12.20-05.22.52:694][  0]LogConfig: Setting CVar [[r.Upscale.Quality:3]]
[2024.12.20-05.22.52:694][  0]LogConfig: Setting CVar [[r.Tonemapper.GrainQuantization:1]]
[2024.12.20-05.22.52:694][  0]LogConfig: Setting CVar [[r.LightShaftQuality:1]]
[2024.12.20-05.22.52:694][  0]LogConfig: Setting CVar [[r.Filter.SizeScale:1]]
[2024.12.20-05.22.52:694][  0]LogConfig: Setting CVar [[r.Tonemapper.Quality:5]]
[2024.12.20-05.22.52:694][  0]LogConfig: Setting CVar [[r.DOF.Gather.AccumulatorQuality:1        ; higher gathering accumulator quality]]
[2024.12.20-05.22.52:694][  0]LogConfig: Setting CVar [[r.DOF.Gather.PostfilterMethod:1          ; Median3x3 postfilering method]]
[2024.12.20-05.22.52:694][  0]LogConfig: Setting CVar [[r.DOF.Gather.EnableBokehSettings:0       ; no bokeh simulation when gathering]]
[2024.12.20-05.22.52:694][  0]LogConfig: Setting CVar [[r.DOF.Gather.RingCount:4                 ; medium number of samples when gathering]]
[2024.12.20-05.22.52:694][  0]LogConfig: Setting CVar [[r.DOF.Scatter.ForegroundCompositing:1    ; additive foreground scattering]]
[2024.12.20-05.22.52:694][  0]LogConfig: Setting CVar [[r.DOF.Scatter.BackgroundCompositing:2    ; additive background scattering]]
[2024.12.20-05.22.52:694][  0]LogConfig: Setting CVar [[r.DOF.Scatter.EnableBokehSettings:1      ; bokeh simulation when scattering]]
[2024.12.20-05.22.52:694][  0]LogConfig: Setting CVar [[r.DOF.Scatter.MaxSpriteRatio:0.1         ; only a maximum of 10% of scattered bokeh]]
[2024.12.20-05.22.52:694][  0]LogConfig: Setting CVar [[r.DOF.Recombine.Quality:1                ; cheap slight out of focus]]
[2024.12.20-05.22.52:694][  0]LogConfig: Setting CVar [[r.DOF.Recombine.EnableBokehSettings:0    ; no bokeh simulation on slight out of focus]]
[2024.12.20-05.22.52:694][  0]LogConfig: Setting CVar [[r.DOF.TemporalAAQuality:1                ; more stable temporal accumulation]]
[2024.12.20-05.22.52:694][  0]LogConfig: Setting CVar [[r.DOF.Kernel.MaxForegroundRadius:0.025]]
[2024.12.20-05.22.52:694][  0]LogConfig: Setting CVar [[r.DOF.Kernel.MaxBackgroundRadius:0.025]]
[2024.12.20-05.22.52:694][  0]LogConfig: Applying CVar settings from Section [TextureQuality@3] File [C:/Users/admin/Documents/GitHub/Unreal/Unreal_R4D2_Copy/Saved/Config/Windows/Scalability.ini]
[2024.12.20-05.22.52:694][  0]LogConfig: Setting CVar [[r.Streaming.MipBias:0]]
[2024.12.20-05.22.52:694][  0]LogConfig: Setting CVar [[r.Streaming.AmortizeCPUToGPUCopy:0]]
[2024.12.20-05.22.52:694][  0]LogConfig: Setting CVar [[r.Streaming.MaxNumTexturesToStreamPerFrame:0]]
[2024.12.20-05.22.52:694][  0]LogConfig: Setting CVar [[r.Streaming.Boost:1]]
[2024.12.20-05.22.52:694][  0]LogConfig: Setting CVar [[r.MaxAnisotropy:8]]
[2024.12.20-05.22.52:694][  0]LogConfig: Setting CVar [[r.VT.MaxAnisotropy:8]]
[2024.12.20-05.22.52:694][  0]LogConfig: Setting CVar [[r.Streaming.LimitPoolSizeToVRAM:0]]
[2024.12.20-05.22.52:694][  0]LogConfig: Setting CVar [[r.Streaming.PoolSize:1000]]
[2024.12.20-05.22.52:694][  0]LogConfig: Setting CVar [[r.Streaming.MaxEffectiveScreenSize:0]]
[2024.12.20-05.22.52:694][  0]LogConfig: Applying CVar settings from Section [EffectsQuality@3] File [C:/Users/admin/Documents/GitHub/Unreal/Unreal_R4D2_Copy/Saved/Config/Windows/Scalability.ini]
[2024.12.20-05.22.52:694][  0]LogConfig: Setting CVar [[r.TranslucencyLightingVolumeDim:64]]
[2024.12.20-05.22.52:694][  0]LogConfig: Setting CVar [[r.RefractionQuality:2]]
[2024.12.20-05.22.52:694][  0]LogConfig: Setting CVar [[r.SSR.Quality:3]]
[2024.12.20-05.22.52:694][  0]LogConfig: Setting CVar [[r.SSR.HalfResSceneColor:0]]
[2024.12.20-05.22.52:694][  0]LogConfig: Setting CVar [[r.SceneColorFormat:4]]
[2024.12.20-05.22.52:694][  0]LogConfig: Setting CVar [[r.DetailMode:2]]
[2024.12.20-05.22.52:694][  0]LogConfig: Setting CVar [[r.TranslucencyVolumeBlur:1]]
[2024.12.20-05.22.52:694][  0]LogConfig: Setting CVar [[r.MaterialQualityLevel:1 ; High quality]]
[2024.12.20-05.22.52:694][  0]LogConfig: Setting CVar [[r.AnisotropicMaterials:1]]
[2024.12.20-05.22.52:694][  0]LogConfig: Setting CVar [[r.SSS.Scale:1]]
[2024.12.20-05.22.52:694][  0]LogConfig: Setting CVar [[r.SSS.SampleSet:2]]
[2024.12.20-05.22.52:694][  0]LogConfig: Setting CVar [[r.SSS.Quality:1]]
[2024.12.20-05.22.52:694][  0]LogConfig: Setting CVar [[r.SSS.HalfRes:0]]
[2024.12.20-05.22.52:694][  0]LogConfig: Setting CVar [[r.SSGI.Quality:3]]
[2024.12.20-05.22.52:694][  0]LogConfig: Setting CVar [[r.EmitterSpawnRateScale:1.0]]
[2024.12.20-05.22.52:694][  0]LogConfig: Setting CVar [[r.ParticleLightQuality:2]]
[2024.12.20-05.22.52:694][  0]LogConfig: Setting CVar [[r.SkyAtmosphere.AerialPerspectiveLUT.FastApplyOnOpaque:1 ; Always have FastSkyLUT 1 in this case to avoid wrong sky]]
[2024.12.20-05.22.52:694][  0]LogConfig: Setting CVar [[r.SkyAtmosphere.AerialPerspectiveLUT.SampleCountMaxPerSlice:4]]
[2024.12.20-05.22.52:694][  0]LogConfig: Setting CVar [[r.SkyAtmosphere.AerialPerspectiveLUT.DepthResolution:16.0]]
[2024.12.20-05.22.52:694][  0]LogConfig: Setting CVar [[r.SkyAtmosphere.FastSkyLUT:1]]
[2024.12.20-05.22.52:694][  0]LogConfig: Setting CVar [[r.SkyAtmosphere.FastSkyLUT.SampleCountMin:4.0]]
[2024.12.20-05.22.52:694][  0]LogConfig: Setting CVar [[r.SkyAtmosphere.FastSkyLUT.SampleCountMax:128.0]]
[2024.12.20-05.22.52:694][  0]LogConfig: Setting CVar [[r.SkyAtmosphere.SampleCountMin:4.0]]
[2024.12.20-05.22.52:694][  0]LogConfig: Setting CVar [[r.SkyAtmosphere.SampleCountMax:128.0]]
[2024.12.20-05.22.52:694][  0]LogConfig: Setting CVar [[r.SkyAtmosphere.TransmittanceLUT.UseSmallFormat:0]]
[2024.12.20-05.22.52:694][  0]LogConfig: Setting CVar [[r.SkyAtmosphere.TransmittanceLUT.SampleCount:10.0]]
[2024.12.20-05.22.52:694][  0]LogConfig: Setting CVar [[r.SkyAtmosphere.MultiScatteringLUT.SampleCount:15.0]]
[2024.12.20-05.22.52:694][  0]LogConfig: Setting CVar [[r.SkyLight.RealTimeReflectionCapture:1]]
[2024.12.20-05.22.52:694][  0]LogConfig: Applying CVar settings from Section [FoliageQuality@3] File [C:/Users/admin/Documents/GitHub/Unreal/Unreal_R4D2_Copy/Saved/Config/Windows/Scalability.ini]
[2024.12.20-05.22.52:694][  0]LogConfig: Setting CVar [[foliage.DensityScale:1.0]]
[2024.12.20-05.22.52:694][  0]LogConfig: Setting CVar [[grass.DensityScale:1.0]]
[2024.12.20-05.22.52:694][  0]LogConfig: Applying CVar settings from Section [ShadingQuality@3] File [C:/Users/admin/Documents/GitHub/Unreal/Unreal_R4D2_Copy/Saved/Config/Windows/Scalability.ini]
[2024.12.20-05.22.52:694][  0]LogConfig: Setting CVar [[r.HairStrands.SkyLighting.IntegrationType:2]]
[2024.12.20-05.22.52:694][  0]LogConfig: Setting CVar [[r.HairStrands.SkyAO.SampleCount:4]]
[2024.12.20-05.22.52:694][  0]LogConfig: Setting CVar [[r.HairStrands.Visibility.MSAA.SamplePerPixel:4]]
[2024.12.20-05.22.52:694][  0]LogInit: Selected Device Profile: [Windows]
[2024.12.20-05.22.52:694][  0]LogInit: Applying CVar settings loaded from the selected device profile: [Windows]
[2024.12.20-05.22.52:694][  0]LogHAL: Display: Platform has ~ 16 GB [16823816192 / 17179869184 / 16], which maps to Larger [LargestMinGB=32, LargerMinGB=12, DefaultMinGB=8, SmallerMinGB=6, SmallestMinGB=0)
[2024.12.20-05.22.52:694][  0]LogInit: Going up to parent DeviceProfile []
[2024.12.20-05.22.52:694][  0]LogConfig: Applying CVar settings from Section [ViewDistanceQuality@3] File [C:/Users/admin/Documents/GitHub/Unreal/Unreal_R4D2_Copy/Saved/Config/Windows/Scalability.ini]
[2024.12.20-05.22.52:694][  0]LogConfig: Setting CVar [[r.SkeletalMeshLODBias:0]]
[2024.12.20-05.22.52:694][  0]LogConfig: Setting CVar [[r.ViewDistanceScale:1.0]]
[2024.12.20-05.22.52:694][  0]LogConfig: Applying CVar settings from Section [AntiAliasingQuality@3] File [C:/Users/admin/Documents/GitHub/Unreal/Unreal_R4D2_Copy/Saved/Config/Windows/Scalability.ini]
[2024.12.20-05.22.52:694][  0]LogConfig: Setting CVar [[r.PostProcessAAQuality:4]]
[2024.12.20-05.22.52:694][  0]LogConfig: Applying CVar settings from Section [ShadowQuality@3] File [C:/Users/admin/Documents/GitHub/Unreal/Unreal_R4D2_Copy/Saved/Config/Windows/Scalability.ini]
[2024.12.20-05.22.52:694][  0]LogConfig: Setting CVar [[r.LightFunctionQuality:1]]
[2024.12.20-05.22.52:694][  0]LogConfig: Setting CVar [[r.ShadowQuality:5]]
[2024.12.20-05.22.52:694][  0]LogConfig: Setting CVar [[r.Shadow.CSM.MaxCascades:10]]
[2024.12.20-05.22.52:694][  0]LogConfig: Setting CVar [[r.Shadow.MaxResolution:2048]]
[2024.12.20-05.22.52:694][  0]LogConfig: Setting CVar [[r.Shadow.MaxCSMResolution:2048]]
[2024.12.20-05.22.52:694][  0]LogConfig: Setting CVar [[r.Shadow.RadiusThreshold:0.01]]
[2024.12.20-05.22.52:694][  0]LogConfig: Setting CVar [[r.Shadow.DistanceScale:1.0]]
[2024.12.20-05.22.52:694][  0]LogConfig: Setting CVar [[r.Shadow.CSM.TransitionScale:1.0]]
[2024.12.20-05.22.52:694][  0]LogConfig: Setting CVar [[r.Shadow.PreShadowResolutionFactor:1.0]]
[2024.12.20-05.22.52:694][  0]LogConfig: Setting CVar [[r.DistanceFieldShadowing:1]]
[2024.12.20-05.22.52:694][  0]LogConfig: Setting CVar [[r.DistanceFieldAO:1]]
[2024.12.20-05.22.52:694][  0]LogConfig: Setting CVar [[r.AOQuality:2]]
[2024.12.20-05.22.52:694][  0]LogConfig: Setting CVar [[r.VolumetricFog:1]]
[2024.12.20-05.22.52:694][  0]LogConfig: Setting CVar [[r.VolumetricFog.GridPixelSize:8]]
[2024.12.20-05.22.52:694][  0]LogConfig: Setting CVar [[r.VolumetricFog.GridSizeZ:128]]
[2024.12.20-05.22.52:694][  0]LogConfig: Setting CVar [[r.VolumetricFog.HistoryMissSupersampleCount:4]]
[2024.12.20-05.22.52:694][  0]LogConfig: Setting CVar [[r.LightMaxDrawDistanceScale:1]]
[2024.12.20-05.22.52:694][  0]LogConfig: Setting CVar [[r.CapsuleShadows:1]]
[2024.12.20-05.22.52:694][  0]LogConfig: Applying CVar settings from Section [PostProcessQuality@3] File [C:/Users/admin/Documents/GitHub/Unreal/Unreal_R4D2_Copy/Saved/Config/Windows/Scalability.ini]
[2024.12.20-05.22.52:694][  0]LogConfig: Setting CVar [[r.MotionBlurQuality:4]]
[2024.12.20-05.22.52:694][  0]LogConfig: Setting CVar [[r.AmbientOcclusionMipLevelFactor:0.4]]
[2024.12.20-05.22.52:694][  0]LogConfig: Setting CVar [[r.AmbientOcclusionMaxQuality:100]]
[2024.12.20-05.22.52:694][  0]LogConfig: Setting CVar [[r.AmbientOcclusionLevels:-1]]
[2024.12.20-05.22.52:694][  0]LogConfig: Setting CVar [[r.AmbientOcclusionRadiusScale:1.0]]
[2024.12.20-05.22.52:694][  0]LogConfig: Setting CVar [[r.DepthOfFieldQuality:2]]
[2024.12.20-05.22.52:694][  0]LogConfig: Setting CVar [[r.RenderTargetPoolMin:400]]
[2024.12.20-05.22.52:694][  0]LogConfig: Setting CVar [[r.LensFlareQuality:2]]
[2024.12.20-05.22.52:694][  0]LogConfig: Setting CVar [[r.SceneColorFringeQuality:1]]
[2024.12.20-05.22.52:694][  0]LogConfig: Setting CVar [[r.EyeAdaptationQuality:2]]
[2024.12.20-05.22.52:694][  0]LogConfig: Setting CVar [[r.BloomQuality:5]]
[2024.12.20-05.22.52:694][  0]LogConfig: Setting CVar [[r.FastBlurThreshold:100]]
[2024.12.20-05.22.52:694][  0]LogConfig: Setting CVar [[r.Upscale.Quality:3]]
[2024.12.20-05.22.52:694][  0]LogConfig: Setting CVar [[r.Tonemapper.GrainQuantization:1]]
[2024.12.20-05.22.52:694][  0]LogConfig: Setting CVar [[r.LightShaftQuality:1]]
[2024.12.20-05.22.52:694][  0]LogConfig: Setting CVar [[r.Filter.SizeScale:1]]
[2024.12.20-05.22.52:694][  0]LogConfig: Setting CVar [[r.Tonemapper.Quality:5]]
[2024.12.20-05.22.52:694][  0]LogConfig: Setting CVar [[r.DOF.Gather.AccumulatorQuality:1        ; higher gathering accumulator quality]]
[2024.12.20-05.22.52:694][  0]LogConfig: Setting CVar [[r.DOF.Gather.PostfilterMethod:1          ; Median3x3 postfilering method]]
[2024.12.20-05.22.52:694][  0]LogConfig: Setting CVar [[r.DOF.Gather.EnableBokehSettings:0       ; no bokeh simulation when gathering]]
[2024.12.20-05.22.52:694][  0]LogConfig: Setting CVar [[r.DOF.Gather.RingCount:4                 ; medium number of samples when gathering]]
[2024.12.20-05.22.52:694][  0]LogConfig: Setting CVar [[r.DOF.Scatter.ForegroundCompositing:1    ; additive foreground scattering]]
[2024.12.20-05.22.52:694][  0]LogConfig: Setting CVar [[r.DOF.Scatter.BackgroundCompositing:2    ; additive background scattering]]
[2024.12.20-05.22.52:694][  0]LogConfig: Setting CVar [[r.DOF.Scatter.EnableBokehSettings:1      ; bokeh simulation when scattering]]
[2024.12.20-05.22.52:694][  0]LogConfig: Setting CVar [[r.DOF.Scatter.MaxSpriteRatio:0.1         ; only a maximum of 10% of scattered bokeh]]
[2024.12.20-05.22.52:694][  0]LogConfig: Setting CVar [[r.DOF.Recombine.Quality:1                ; cheap slight out of focus]]
[2024.12.20-05.22.52:694][  0]LogConfig: Setting CVar [[r.DOF.Recombine.EnableBokehSettings:0    ; no bokeh simulation on slight out of focus]]
[2024.12.20-05.22.52:694][  0]LogConfig: Setting CVar [[r.DOF.TemporalAAQuality:1                ; more stable temporal accumulation]]
[2024.12.20-05.22.52:694][  0]LogConfig: Setting CVar [[r.DOF.Kernel.MaxForegroundRadius:0.025]]
[2024.12.20-05.22.52:694][  0]LogConfig: Setting CVar [[r.DOF.Kernel.MaxBackgroundRadius:0.025]]
[2024.12.20-05.22.52:694][  0]LogConfig: Applying CVar settings from Section [TextureQuality@3] File [C:/Users/admin/Documents/GitHub/Unreal/Unreal_R4D2_Copy/Saved/Config/Windows/Scalability.ini]
[2024.12.20-05.22.52:695][  0]LogConfig: Setting CVar [[r.Streaming.MipBias:0]]
[2024.12.20-05.22.52:695][  0]LogConfig: Setting CVar [[r.Streaming.AmortizeCPUToGPUCopy:0]]
[2024.12.20-05.22.52:695][  0]LogConfig: Setting CVar [[r.Streaming.MaxNumTexturesToStreamPerFrame:0]]
[2024.12.20-05.22.52:695][  0]LogConfig: Setting CVar [[r.Streaming.Boost:1]]
[2024.12.20-05.22.52:695][  0]LogConfig: Setting CVar [[r.MaxAnisotropy:8]]
[2024.12.20-05.22.52:695][  0]LogConfig: Setting CVar [[r.VT.MaxAnisotropy:8]]
[2024.12.20-05.22.52:695][  0]LogConfig: Setting CVar [[r.Streaming.LimitPoolSizeToVRAM:0]]
[2024.12.20-05.22.52:695][  0]LogConfig: Setting CVar [[r.Streaming.PoolSize:1000]]
[2024.12.20-05.22.52:695][  0]LogConfig: Setting CVar [[r.Streaming.MaxEffectiveScreenSize:0]]
[2024.12.20-05.22.52:695][  0]LogConfig: Applying CVar settings from Section [EffectsQuality@3] File [C:/Users/admin/Documents/GitHub/Unreal/Unreal_R4D2_Copy/Saved/Config/Windows/Scalability.ini]
[2024.12.20-05.22.52:695][  0]LogConfig: Setting CVar [[r.TranslucencyLightingVolumeDim:64]]
[2024.12.20-05.22.52:695][  0]LogConfig: Setting CVar [[r.RefractionQuality:2]]
[2024.12.20-05.22.52:695][  0]LogConfig: Setting CVar [[r.SSR.Quality:3]]
[2024.12.20-05.22.52:695][  0]LogConfig: Setting CVar [[r.SSR.HalfResSceneColor:0]]
[2024.12.20-05.22.52:695][  0]LogConfig: Setting CVar [[r.SceneColorFormat:4]]
[2024.12.20-05.22.52:695][  0]LogConfig: Setting CVar [[r.DetailMode:2]]
[2024.12.20-05.22.52:695][  0]LogConfig: Setting CVar [[r.TranslucencyVolumeBlur:1]]
[2024.12.20-05.22.52:695][  0]LogConfig: Setting CVar [[r.MaterialQualityLevel:1 ; High quality]]
[2024.12.20-05.22.52:695][  0]LogConfig: Setting CVar [[r.AnisotropicMaterials:1]]
[2024.12.20-05.22.52:695][  0]LogConfig: Setting CVar [[r.SSS.Scale:1]]
[2024.12.20-05.22.52:695][  0]LogConfig: Setting CVar [[r.SSS.SampleSet:2]]
[2024.12.20-05.22.52:695][  0]LogConfig: Setting CVar [[r.SSS.Quality:1]]
[2024.12.20-05.22.52:695][  0]LogConfig: Setting CVar [[r.SSS.HalfRes:0]]
[2024.12.20-05.22.52:695][  0]LogConfig: Setting CVar [[r.SSGI.Quality:3]]
[2024.12.20-05.22.52:695][  0]LogConfig: Setting CVar [[r.EmitterSpawnRateScale:1.0]]
[2024.12.20-05.22.52:695][  0]LogConfig: Setting CVar [[r.ParticleLightQuality:2]]
[2024.12.20-05.22.52:695][  0]LogConfig: Setting CVar [[r.SkyAtmosphere.AerialPerspectiveLUT.FastApplyOnOpaque:1 ; Always have FastSkyLUT 1 in this case to avoid wrong sky]]
[2024.12.20-05.22.52:695][  0]LogConfig: Setting CVar [[r.SkyAtmosphere.AerialPerspectiveLUT.SampleCountMaxPerSlice:4]]
[2024.12.20-05.22.52:695][  0]LogConfig: Setting CVar [[r.SkyAtmosphere.AerialPerspectiveLUT.DepthResolution:16.0]]
[2024.12.20-05.22.52:695][  0]LogConfig: Setting CVar [[r.SkyAtmosphere.FastSkyLUT:1]]
[2024.12.20-05.22.52:695][  0]LogConfig: Setting CVar [[r.SkyAtmosphere.FastSkyLUT.SampleCountMin:4.0]]
[2024.12.20-05.22.52:695][  0]LogConfig: Setting CVar [[r.SkyAtmosphere.FastSkyLUT.SampleCountMax:128.0]]
[2024.12.20-05.22.52:695][  0]LogConfig: Setting CVar [[r.SkyAtmosphere.SampleCountMin:4.0]]
[2024.12.20-05.22.52:695][  0]LogConfig: Setting CVar [[r.SkyAtmosphere.SampleCountMax:128.0]]
[2024.12.20-05.22.52:695][  0]LogConfig: Setting CVar [[r.SkyAtmosphere.TransmittanceLUT.UseSmallFormat:0]]
[2024.12.20-05.22.52:695][  0]LogConfig: Setting CVar [[r.SkyAtmosphere.TransmittanceLUT.SampleCount:10.0]]
[2024.12.20-05.22.52:695][  0]LogConfig: Setting CVar [[r.SkyAtmosphere.MultiScatteringLUT.SampleCount:15.0]]
[2024.12.20-05.22.52:695][  0]LogConfig: Setting CVar [[r.SkyLight.RealTimeReflectionCapture:1]]
[2024.12.20-05.22.52:695][  0]LogConfig: Applying CVar settings from Section [FoliageQuality@3] File [C:/Users/admin/Documents/GitHub/Unreal/Unreal_R4D2_Copy/Saved/Config/Windows/Scalability.ini]
[2024.12.20-05.22.52:695][  0]LogConfig: Setting CVar [[foliage.DensityScale:1.0]]
[2024.12.20-05.22.52:695][  0]LogConfig: Setting CVar [[grass.DensityScale:1.0]]
[2024.12.20-05.22.52:695][  0]LogConfig: Applying CVar settings from Section [ShadingQuality@3] File [C:/Users/admin/Documents/GitHub/Unreal/Unreal_R4D2_Copy/Saved/Config/Windows/Scalability.ini]
[2024.12.20-05.22.52:695][  0]LogConfig: Setting CVar [[r.HairStrands.SkyLighting.IntegrationType:2]]
[2024.12.20-05.22.52:695][  0]LogConfig: Setting CVar [[r.HairStrands.SkyAO.SampleCount:4]]
[2024.12.20-05.22.52:695][  0]LogConfig: Setting CVar [[r.HairStrands.Visibility.MSAA.SamplePerPixel:4]]
[2024.12.20-05.22.52:695][  0]LogConfig: Applying CVar settings from Section [Startup] File [../../../Engine/Config/ConsoleVariables.ini]
[2024.12.20-05.22.52:695][  0]LogConfig: Setting CVar [[net.UseAdaptiveNetUpdateFrequency:0]]
[2024.12.20-05.22.52:695][  0]LogConfig: Setting CVar [[p.chaos.AllowCreatePhysxBodies:1]]
[2024.12.20-05.22.52:695][  0]LogConfig: Setting CVar [[fx.SkipVectorVMBackendOptimizations:1]]
[2024.12.20-05.22.52:695][  0]LogConfig: Applying CVar settings from Section [ConsoleVariables] File [C:/Users/admin/Documents/GitHub/Unreal/Unreal_R4D2_Copy/Saved/Config/Windows/Engine.ini]
[2024.12.20-05.22.52:695][  0]LogConfig: Applying CVar settings from Section [ConsoleVariables] File [C:/Users/admin/Documents/GitHub/Unreal/Unreal_R4D2_Copy/Saved/Config/Windows/Editor.ini]
[2024.12.20-05.22.52:695][  0]LogInit: Computer: DESKTOP-E3HHOR4
[2024.12.20-05.22.52:695][  0]LogInit: User: admin
[2024.12.20-05.22.52:695][  0]LogInit: CPU Page size=4096, Cores=14
[2024.12.20-05.22.52:695][  0]LogInit: High frequency timer resolution =10.000000 MHz
[2024.12.20-05.22.52:695][  0]LogMemory: Memory total: Physical=15.7GB (16GB approx)
[2024.12.20-05.22.52:695][  0]LogMemory: Platform Memory Stats for Windows
[2024.12.20-05.22.52:695][  0]LogMemory: Process Physical Memory: 150.24 MB used, 150.24 MB peak
[2024.12.20-05.22.52:695][  0]LogMemory: Process Virtual Memory: 127.69 MB used, 127.69 MB peak
[2024.12.20-05.22.52:695][  0]LogMemory: Physical Memory: 10002.37 MB used,  6042.07 MB free, 16044.44 MB total
[2024.12.20-05.22.52:695][  0]LogMemory: Virtual Memory: 134187320.00 MB used,  30411.60 MB free, 134217728.00 MB total
[2024.12.20-05.22.52:699][  0]LogWindows: WindowsPlatformFeatures enabled
[2024.12.20-05.22.52:726][  0]LogInit: Physics initialised using underlying interface: PhysX
[2024.12.20-05.22.52:726][  0]LogDirectoryWatcher: Display: Failed initialise directory notification handle for 'C:/Users/admin/Documents/GitHub/Unreal/Unreal_R4D2_Copy/Content/', and we were unable to create a new request. GetLastError code [2]
[2024.12.20-05.22.52:727][  0]LogDirectoryWatcher: Warning: Failed to begin reading directory changes for ../../../../../../Users/admin/Documents/GitHub/Unreal/Unreal_R4D2_Copy/Content/. Error: 작업을 완료했습니다. (0x00000000)
[2024.12.20-05.22.52:727][  0]LogInit: Overriding language with editor language configuration option (ko).
[2024.12.20-05.22.52:727][  0]LogInit: Using OS detected locale (ko-KR).
[2024.12.20-05.22.52:800][  0]LogInit: Setting process to per monitor DPI aware
[2024.12.20-05.22.52:807][  0]LogWindowsTextInputMethodSystem: Display: IME system deactivated.
[2024.12.20-05.22.52:814][  0]LogSlate: New Slate User Created.  User Index 0, Is Virtual User: 0
[2024.12.20-05.22.52:814][  0]LogSlate: Slate User Registered.  User Index 0, Is Virtual User: 0
[2024.12.20-05.22.52:891][  0]LogD3D11RHI: Loaded GFSDK_Aftermath_Lib.x64.dll
[2024.12.20-05.22.52:894][  0]LogHMD: Failed to initialize OpenVR with code 110
[2024.12.20-05.22.52:894][  0]LogD3D11RHI: D3D11 min allowed feature level: 11_0
[2024.12.20-05.22.52:894][  0]LogD3D11RHI: D3D11 max allowed feature level: 11_0
[2024.12.20-05.22.52:894][  0]LogD3D11RHI: D3D11 adapters:
[2024.12.20-05.22.52:984][  0]LogD3D11RHI:    0. 'NVIDIA GeForce RTX 3080 Laptop GPU' (Feature Level 11_0)
[2024.12.20-05.22.52:984][  0]LogD3D11RHI:       8032/0/8022 MB DedicatedVideo/DedicatedSystem/SharedSystem, Outputs:1, VendorId:0x10de
[2024.12.20-05.22.53:014][  0]LogD3D11RHI:    1. 'Intel(R) Iris(R) Xe Graphics' (Feature Level 11_0)
[2024.12.20-05.22.53:014][  0]LogD3D11RHI:       128/0/8022 MB DedicatedVideo/DedicatedSystem/SharedSystem, Outputs:0, VendorId:0x8086
[2024.12.20-05.22.53:016][  0]LogD3D11RHI:    2. 'Microsoft Basic Render Driver' (Feature Level 11_0)
[2024.12.20-05.22.53:016][  0]LogD3D11RHI:       0/0/8022 MB DedicatedVideo/DedicatedSystem/SharedSystem, Outputs:0, VendorId:0x1414
[2024.12.20-05.22.53:016][  0]LogD3D11RHI: Chosen D3D11 Adapter:
[2024.12.20-05.22.53:016][  0]LogD3D11RHI:     Description : NVIDIA GeForce RTX 3080 Laptop GPU
[2024.12.20-05.22.53:016][  0]LogD3D11RHI:     VendorId    : 10de
[2024.12.20-05.22.53:016][  0]LogD3D11RHI:     DeviceId    : 249c
[2024.12.20-05.22.53:016][  0]LogD3D11RHI:     SubSysId    : 147d1043
[2024.12.20-05.22.53:016][  0]LogD3D11RHI:     Revision    : 00a1
[2024.12.20-05.22.53:016][  0]LogD3D11RHI:     DedicatedVideoMemory : 8422162432 bytes
[2024.12.20-05.22.53:016][  0]LogD3D11RHI:     DedicatedSystemMemory : 0 bytes
[2024.12.20-05.22.53:016][  0]LogD3D11RHI:     SharedSystemMemory : 8411908096 bytes
[2024.12.20-05.22.53:016][  0]LogD3D11RHI:     AdapterLuid : 0 58792
[2024.12.20-05.22.53:021][  0]LogD3D11RHI: Creating new Direct3DDevice
[2024.12.20-05.22.53:021][  0]LogD3D11RHI:     GPU DeviceId: 0x249c (for the marketing name, search the web for "GPU Device Id")
[2024.12.20-05.22.53:021][  0]LogWindows: EnumDisplayDevices:
[2024.12.20-05.22.53:021][  0]LogWindows:    0. 'NVIDIA GeForce RTX 3080 Laptop GPU' (P:1 D:1)
[2024.12.20-05.22.53:021][  0]LogWindows:    1. 'NVIDIA GeForce RTX 3080 Laptop GPU' (P:0 D:0)
[2024.12.20-05.22.53:021][  0]LogWindows:    2. 'NVIDIA GeForce RTX 3080 Laptop GPU' (P:0 D:0)
[2024.12.20-05.22.53:021][  0]LogWindows:    3. 'NVIDIA GeForce RTX 3080 Laptop GPU' (P:0 D:0)
[2024.12.20-05.22.53:022][  0]LogWindows:    4. 'Intel(R) Iris(R) Xe Graphics' (P:0 D:0)
[2024.12.20-05.22.53:022][  0]LogWindows:    5. 'Intel(R) Iris(R) Xe Graphics' (P:0 D:0)
[2024.12.20-05.22.53:022][  0]LogWindows:    6. 'Intel(R) Iris(R) Xe Graphics' (P:0 D:0)
[2024.12.20-05.22.53:022][  0]LogWindows:    7. 'Intel(R) Iris(R) Xe Graphics' (P:0 D:0)
[2024.12.20-05.22.53:022][  0]LogWindows: DebugString: PrimaryIsNotTheChoosenAdapter PrimaryIsNotTheChoosenAdapter PrimaryIsNotTheChoosenAdapter PrimaryIsNotTheChoosenAdapter FoundDriverCount:4 
[2024.12.20-05.22.53:022][  0]LogD3D11RHI:     Adapter Name: NVIDIA GeForce RTX 3080 Laptop GPU
[2024.12.20-05.22.53:022][  0]LogD3D11RHI:   Driver Version: 546.80 (internal:31.0.15.4680, unified:546.80)
[2024.12.20-05.22.53:022][  0]LogD3D11RHI:      Driver Date: 2-22-2024
[2024.12.20-05.22.53:022][  0]LogRHI: Texture pool is 5622 MB (70% of 8032 MB)
[2024.12.20-05.22.53:022][  0]LogD3D11RHI: Creating D3DDevice using adapter:
[2024.12.20-05.22.53:022][  0]LogD3D11RHI:     Description : NVIDIA GeForce RTX 3080 Laptop GPU
[2024.12.20-05.22.53:022][  0]LogD3D11RHI:     VendorId    : 10de
[2024.12.20-05.22.53:022][  0]LogD3D11RHI:     DeviceId    : 249c
[2024.12.20-05.22.53:022][  0]LogD3D11RHI:     SubSysId    : 147d1043
[2024.12.20-05.22.53:022][  0]LogD3D11RHI:     Revision    : 00a1
[2024.12.20-05.22.53:022][  0]LogD3D11RHI:     DedicatedVideoMemory : 8422162432 bytes
[2024.12.20-05.22.53:022][  0]LogD3D11RHI:     DedicatedSystemMemory : 0 bytes
[2024.12.20-05.22.53:022][  0]LogD3D11RHI:     SharedSystemMemory : 8411908096 bytes
[2024.12.20-05.22.53:022][  0]LogD3D11RHI:     AdapterLuid : 0 58792
[2024.12.20-05.22.53:075][  0]LogD3D11RHI: RHI has support for 64 bit atomics
[2024.12.20-05.22.53:075][  0]LogD3D11RHI: Async texture creation enabled
[2024.12.20-05.22.53:075][  0]LogD3D11RHI: Array index from any shader is supported
[2024.12.20-05.22.53:086][  0]LogD3D11RHI: GPU Timing Frequency: 1000.000000 (Debug: 2 1)
[2024.12.20-05.22.53:102][  0]LogRHI: GeForceNow SDK initialized: 1
[2024.12.20-05.22.53:293][  0]LogTargetPlatformManager: Display: Loaded TargetPlatform 'AllDesktop'
[2024.12.20-05.22.53:307][  0]LogTargetPlatformManager: Display: Loaded TargetPlatform 'Android'
[2024.12.20-05.22.53:307][  0]LogTargetPlatformManager: Display: Loaded TargetPlatform 'Android_ASTC'
[2024.12.20-05.22.53:307][  0]LogTargetPlatformManager: Display: Loaded TargetPlatform 'Android_DXT'
[2024.12.20-05.22.53:307][  0]LogTargetPlatformManager: Display: Loaded TargetPlatform 'Android_ETC2'
[2024.12.20-05.22.53:307][  0]LogTargetPlatformManager: Display: Loaded TargetPlatform 'AndroidClient'
[2024.12.20-05.22.53:307][  0]LogTargetPlatformManager: Display: Loaded TargetPlatform 'Android_ASTCClient'
[2024.12.20-05.22.53:307][  0]LogTargetPlatformManager: Display: Loaded TargetPlatform 'Android_DXTClient'
[2024.12.20-05.22.53:307][  0]LogTargetPlatformManager: Display: Loaded TargetPlatform 'Android_ETC2Client'
[2024.12.20-05.22.53:307][  0]LogTargetPlatformManager: Display: Loaded TargetPlatform 'Android_Multi'
[2024.12.20-05.22.53:307][  0]LogTargetPlatformManager: Display: Loaded TargetPlatform 'Android_MultiClient'
[2024.12.20-05.22.53:319][  0]LogTargetPlatformManager: Display: Loaded TargetPlatform 'IOSClient'
[2024.12.20-05.22.53:319][  0]LogTargetPlatformManager: Display: Loaded TargetPlatform 'IOS'
[2024.12.20-05.22.53:325][  0]LogTargetPlatformManager: Display: Loaded TargetPlatform 'Linux'
[2024.12.20-05.22.53:328][  0]LogTargetPlatformManager: Display: Loaded TargetPlatform 'LinuxNoEditor'
[2024.12.20-05.22.53:331][  0]LogTargetPlatformManager: Display: Loaded TargetPlatform 'LinuxClient'
[2024.12.20-05.22.53:334][  0]LogTargetPlatformManager: Display: Loaded TargetPlatform 'LinuxServer'
[2024.12.20-05.22.53:340][  0]LogTargetPlatformManager: Display: Loaded TargetPlatform 'LinuxAArch64NoEditor'
[2024.12.20-05.22.53:343][  0]LogTargetPlatformManager: Display: Loaded TargetPlatform 'LinuxAArch64Client'
[2024.12.20-05.22.53:346][  0]LogTargetPlatformManager: Display: Loaded TargetPlatform 'LinuxAArch64Server'
[2024.12.20-05.22.53:360][  0]LogTargetPlatformManager: Display: Loaded TargetPlatform 'Lumin'
[2024.12.20-05.22.53:360][  0]LogTargetPlatformManager: Display: Loaded TargetPlatform 'LuminClient'
[2024.12.20-05.22.53:365][  0]LogTargetPlatformManager: Display: Loaded TargetPlatform 'MacNoEditor'
[2024.12.20-05.22.53:368][  0]LogTargetPlatformManager: Display: Loaded TargetPlatform 'Mac'
[2024.12.20-05.22.53:370][  0]LogTargetPlatformManager: Display: Loaded TargetPlatform 'MacClient'
[2024.12.20-05.22.53:373][  0]LogTargetPlatformManager: Display: Loaded TargetPlatform 'MacServer'
[2024.12.20-05.22.53:379][  0]LogTargetPlatformManager: Display: Loaded TargetPlatform 'TVOSClient'
[2024.12.20-05.22.53:379][  0]LogTargetPlatformManager: Display: Loaded TargetPlatform 'TVOS'
[2024.12.20-05.22.53:384][  0]LogTargetPlatformManager: Display: Loaded TargetPlatform 'WindowsNoEditor'
[2024.12.20-05.22.53:388][  0]LogTargetPlatformManager: Display: Loaded TargetPlatform 'Windows'
[2024.12.20-05.22.53:391][  0]LogTargetPlatformManager: Display: Loaded TargetPlatform 'WindowsClient'
[2024.12.20-05.22.53:393][  0]LogTargetPlatformManager: Display: Loaded TargetPlatform 'WindowsServer'
[2024.12.20-05.22.53:393][  0]LogTargetPlatformManager: Display: Building Assets For Windows
[2024.12.20-05.22.53:399][  0]LogAudioDebug: Display: Lib vorbis DLL was dynamically loaded.
[2024.12.20-05.22.53:418][  0]LogTextureFormatOodle: Display: Oodle Texture 2.9.0 init RDO Off
[2024.12.20-05.22.53:442][  0]LogRendererCore: Ray tracing is disabled. Reason: r.RayTracing=0.
[2024.12.20-05.22.53:442][  0]LogShaderCompilers: Guid format shader working directory is -25 characters bigger than the processId version (../../../../../../Users/admin/Documents/GitHub/Unreal/Unreal_R4D2_Copy/Intermediate/Shaders/WorkingDirectory/13692/).
[2024.12.20-05.22.53:442][  0]LogShaderCompilers: Cleaned the shader compiler working directory 'C:/Users/admin/AppData/Local/Temp/UnrealShaderWorkingDir/A108A203437CFAFFDF60A6953BAF23CA/'.
[2024.12.20-05.22.53:442][  0]LogXGEController: Cannot use XGE Controller as Incredibuild is not installed on this machine.
[2024.12.20-05.22.53:442][  0]LogShaderCompilers: Cannot use XGE Shader Compiler as Incredibuild is not installed on this machine.
[2024.12.20-05.22.53:442][  0]LogShaderCompilers: Display: Using Local Shader Compiler.
[2024.12.20-05.22.53:948][  0]LogDerivedDataCache: Display: Max Cache Size: 512 MB
[2024.12.20-05.22.53:991][  0]LogDerivedDataCache: Loaded boot cache 0.04s 94MB C:/Users/admin/AppData/Local/UnrealEngine/4.27/DerivedDataCache/Boot.ddc.
[2024.12.20-05.22.53:991][  0]LogDerivedDataCache: Display: Loaded Boot cache: C:/Users/admin/AppData/Local/UnrealEngine/4.27/DerivedDataCache/Boot.ddc
[2024.12.20-05.22.53:991][  0]LogDerivedDataCache: FDerivedDataBackendGraph:  Pak pak cache file ../../../../../../Users/admin/Documents/GitHub/Unreal/Unreal_R4D2_Copy/DerivedDataCache/DDC.ddp not found, will not use a pak cache.
[2024.12.20-05.22.53:991][  0]LogDerivedDataCache: Unable to find inner node Pak for hierarchical cache Hierarchy.
[2024.12.20-05.22.53:991][  0]LogDerivedDataCache: FDerivedDataBackendGraph:  CompressedPak pak cache file ../../../../../../Users/admin/Documents/GitHub/Unreal/Unreal_R4D2_Copy/DerivedDataCache/Compressed.ddp not found, will not use a pak cache.
[2024.12.20-05.22.53:991][  0]LogDerivedDataCache: Unable to find inner node CompressedPak for hierarchical cache Hierarchy.
[2024.12.20-05.22.54:002][  0]LogDerivedDataCache: Display: Pak cache opened for reading ../../../Engine/DerivedDataCache/Compressed.ddp.
[2024.12.20-05.22.54:002][  0]LogDerivedDataCache: FDerivedDataBackendGraph:  EnterprisePak pak cache file ../../../Enterprise/DerivedDataCache/Compressed.ddp not found, will not use a pak cache.
[2024.12.20-05.22.54:002][  0]LogDerivedDataCache: Unable to find inner node EnterprisePak for hierarchical cache Hierarchy.
[2024.12.20-05.22.54:006][  0]LogDerivedDataCache: Speed tests for C:/Users/admin/AppData/Local/UnrealEngine/Common/DerivedDataCache took 0.00 seconds
[2024.12.20-05.22.54:006][  0]LogDerivedDataCache: Display: Performance to C:/Users/admin/AppData/Local/UnrealEngine/Common/DerivedDataCache: Latency=0.02ms. RandomReadSpeed=2417.91MBs, RandomWriteSpeed=331.59MBs. Assigned SpeedClass 'Local'
[2024.12.20-05.22.54:006][  0]LogDerivedDataCache: Using Local data cache path C:/Users/admin/AppData/Local/UnrealEngine/Common/DerivedDataCache: Writable
[2024.12.20-05.22.54:006][  0]LogDerivedDataCache: Shared data cache path not found in *engine.ini, will not use an Shared cache.
[2024.12.20-05.22.54:006][  0]LogDerivedDataCache: Unable to find inner node Shared for hierarchical cache Hierarchy.
[2024.12.20-05.22.54:039][  0]LogSlate: Using FreeType 2.10.0
[2024.12.20-05.22.54:040][  0]LogSlate: SlateFontServices - WITH_FREETYPE: 1, WITH_HARFBUZZ: 1
[2024.12.20-05.22.54:059][  0]LogAssetRegistry: FAssetRegistry took 0.0022 seconds to start up
[2024.12.20-05.22.54:303][  0]LogInit: Selected Device Profile: [Windows]
[2024.12.20-05.22.54:303][  0]LogInit: Active device profile: [000001EF5D338F00][000001EF5CE4AFC0 49] Windows
[2024.12.20-05.22.54:303][  0]LogInit: Profiles: [000001EF5D338F00][000001EF5CE4AFC0 49] Windows, [000001EF5D2F2400][000001EF5E023140 49] WindowsNoEditor, [000001EF5D339F00][000001EF5E0272C0 49] WindowsServer, [000001EF5D2F1600][000001EF5E02B440 49] WindowsClient, [000001EF5D339000][000001EF5E02F5C0 49] IOS, [000001EF5D2F3A00][000001EF5E033740 49] iPadAir, [000001EF5D33B300][000001EF5E0378C0 49] iPadAir2, [000001EF5D2A1300][000001EF5E03FB80 49] IPadPro, [000001EF5D2A1400][000001EF5E03BBC0 49] iPadAir3, [000001EF5D2F0B00][000001EF5E0421C0 49] iPadAir4, [000001EF5D2A2100][000001EF5E046340 49] iPadMini2, [000001EF5D2F3400][000001EF5E04A4C0 49] iPadMini3, [000001EF5D2A2C00][000001EF5E04E640 49] iPadMini4, [000001EF5D2F2700][000001EF5E01E780 49] iPadMini5, [000001EF5D2CCE00][000001EF5E0569C0 49] iPhone6, [000001EF5D2CCF00][000001EF5E052A00 49] iPodTouch6, [000001EF5D33A800][000001EF5E062C80 49] iPhone7, [000001EF5D33A900][000001EF5E05ACC0 49] iPodTouch7, [000001EF5D2A0C00][000001EF5E066E40 49] iPhone5S, [000001EF5D339300][000001EF5E06AFC0 49] iPhone6Plus, [000001EF5D2A2A00][000001EF5E06F140 49] iPhone6S, [000001EF5D33AD00][000001EF5E0732C0 49] iPhone6SPlus, [000001EF5D2CC100][000001EF5E077440 49] iPhone7Plus, [000001EF5D2A1D00][000001EF5E07B5C0 49] iPhoneSE, [000001EF5D2CCC00][000001EF5E07F740 49] iPhone8, [000001EF5D2A0400][000001EF5E0838C0 49] iPhone8Plus, [000001EF5D2CEA00][000001EF5E087A40 49] iPhoneX, [000001EF5D2A3C00][000001EF5E08BBC0 49] iPhoneXS, [000001EF5D2CE900][000001EF5E08E1C0 49] iPhoneXSMax, [000001EF5D2A0B00][000001EF5E092340 49] iPhoneXR, [000001EF5D33B800][000001EF5E0964C0 49] iPhone11, [000001EF5D2A3D00][000001EF5E09A640 49] iPhone11Pro, [000001EF5D339C00][000001EF5E09E7C0 49] iPhone11ProMax, [000001EF5D2A1100][000001EF5E0A2940 49] iPhoneSE2, [000001EF5D339200][000001EF5E05EA80 49] iPhone12Mini, [000001EF5D2A3100][000001EF5E0A6BC0 49] iPhone12, [000001EF5D338900][000001EF5E0AAD00 49] iPhone12Pro, [000001EF5D2A0D00][000001EF5E0B2E80 49] iPhone12ProMax, [000001EF5D33BC00][000001EF5E0B7000 49] iPadPro105, [000001EF5D2A3700][000001EF5E0BB180 49] iPadPro129, [000001EF5D33B000][000001EF5E0BF300 49] iPadPro97, [000001EF5D2A0F00][000001EF5E0C3480 49] iPadPro2_129, [000001EF5D338C00][000001EF5E0C7600 49] iPad5, [000001EF5D2A3B00][000001EF5E0CB780 49] iPad6, [000001EF5D338400][000001EF5E0CF900 49] iPad7, [000001EF5D2A3E00][000001EF5E0D3A80 49] iPad8, [000001EF5D339B00][000001EF5E0D7C00 49] iPadPro11, [000001EF5D2A2400][000001EF5E0DA200 49] iPadPro2_11, [000001EF5D338800][000001EF5E0DE380 49] iPadPro3_129, [000001EF5D2A2800][000001EF5E0E2500 49] iPadPro4_129, [000001EF5D33AF00][000001EF5E0E6680 49] AppleTV, [000001EF5D2A1200][000001EF5E0EA800 49] AppleTV4K, [000001EF5D339700][000001EF5E0EE980 49] TVOS, [000001EF5D2A3600][000001EF5E0F2B00 49] Mac, [000001EF5D33BA00][000001EF5E0AEC40 49] MacClient, [000001EF5D2A2500][000001EF5E0F6D80 49] MacNoEditor, [000001EF5D338500][000001EF5E0FAEC0 49] MacServer, [000001EF5D2A2000][000001EF5E103040 49] Linux, [000001EF5D33BB00][000001EF5E1071C0 49] LinuxAArch64, [000001EF5D2A0300][000001EF5E10B340 49] LinuxNoEditor, [000001EF5D33B700][000001EF5E10F4C0 49] LinuxAArch64NoEditor, [000001EF5D2A2600][000001EF5E113640 49] LinuxClient, [000001EF5D33A600][000001EF5E1177C0 49] LinuxAArch64Client, [000001EF5D2A1A00][000001EF5E11B940 49] LinuxServer, [000001EF5D338200][000001EF5E11FAC0 49] LinuxAArch64Server, [000001EF5D2A1600][000001EF5E1220C0 49] Android, [000001EF5D33A100][000001EF5E126240 49] Android_Low, [000001EF5D2A3800][000001EF5E12A3C0 49] Android_Mid, [000001EF5D338600][000001EF5E12E540 49] Android_High, [000001EF5D2A2300][000001EF5E1326C0 49] Android_Default, [000001EF5D33A300][000001EF5E136840 49] Android_Adreno4xx, [000001EF5D2A3000][000001EF5E13A9C0 49] Android_Adreno5xx_Low, [000001EF5D33AA00][000001EF5E13EB40 49] Android_Adreno5xx, [000001EF5D2A0100][000001EF5E142CC0 49] Android_Adreno6xx, [000001EF5D338B00][000001EF5E0FEE00 49] Android_Adreno6xx_Vulkan, [000001EF5D2A0A00][000001EF5E146F40 49] Android_Mali_T6xx, [000001EF5D338700][000001EF5E14B080 49] Android_Mali_T7xx, [000001EF5D2F1A00][000001EF5E14F1C0 49] Android_Mali_T8xx, [000001EF5D2CC300][000001EF5E157340 49] Android_Mali_G71, [000001EF5D2F0600][000001EF5E15B4C0 49] Android_Mali_G72, [000001EF5D2CD200][000001EF5E15F640 49] Android_Mali_G72_Vulkan, [000001EF5D2F3D00][000001EF5E1637C0 49] Android_Mali_G76, [000001EF5D2CC700][000001EF5E167940 49] Android_Mali_G76_Vulkan, [000001EF5D2F3C00][000001EF5E16BAC0 49] Android_Mali_G77, [000001EF5D2CFB00][000001EF5E16E0C0 49] Android_Mali_G77_Vulkan, [000001EF5D2F1B00][000001EF5E172240 49] Android_Mali_G78, [000001EF5D2CF100][000001EF5E1763C0 49] Android_Mali_G78_Vulkan, [000001EF5D2F3900][000001EF5E17A540 49] Android_Mali_G710, [000001EF5D2CEC00][000001EF5E17E6C0 49] Android_Mali_G710_Vulkan, [000001EF5D2F3600][000001EF5E182840 49] Android_Vulkan_SM5, [000001EF5D2CF800][000001EF5E1869C0 49] Android_PowerVR_G6xxx, [000001EF5D2F1900][000001EF5E18AB40 49] Android_PowerVR_GT7xxx, [000001EF5D2CDD00][000001EF5E18ECC0 49] Android_PowerVR_GE8xxx, [000001EF5D2F2D00][000001EF5E192E40 49] Android_PowerVR_GM9xxx, [000001EF5D2CC800][000001EF5E152F80 49] Android_PowerVR_GM9xxx_Vulkan, [000001EF5D2F1C00][000001EF5E1970C0 49] Android_TegraK1, [000001EF5D2CD000][000001EF5E19B200 49] Android_Unknown_Vulkan, [000001EF5D2F2300][000001EF5E19F340 49] Lumin, [000001EF5D2CFE00][000001EF5E1A74C0 49] Lumin_Desktop, [000001EF5D2F2B00][000001EF5E1AB640 49] HoloLens, 
[2024.12.20-05.22.54:465][  0]LogMeshReduction: Using QuadricMeshReduction for automatic static mesh reduction
[2024.12.20-05.22.54:465][  0]LogMeshReduction: Using SimplygonMeshReduction for automatic skeletal mesh reduction
[2024.12.20-05.22.54:465][  0]LogMeshReduction: Using ProxyLODMeshReduction for automatic mesh merging
[2024.12.20-05.22.54:465][  0]LogMeshReduction: No distributed automatic mesh merging module available
[2024.12.20-05.22.54:465][  0]LogMeshMerging: No distributed automatic mesh merging module available
[2024.12.20-05.22.54:482][  0]LogNetVersion: Unreal_R4D2_Copy 1.0.0, NetCL: 17155196, EngineNetVer: 17, GameNetVer: 0 (Checksum: 1445133)
[2024.12.20-05.22.54:941][  0]LogTexture: Default maximum texture size for cubemaps generated from long-lat sources has been changed from 512 to unlimited. In order to preserve old behaiour for '/Engine/MapTemplates/Sky/DaylightAmbientCubemap.DaylightAmbientCubemap', its maximum texture size has been explicitly set to 512.
[2024.12.20-05.22.55:000][  0]LogHMD: PokeAHoleMaterial loaded successfully
[2024.12.20-05.22.55:006][  0]LogUObjectArray: 17178 objects as part of root set at end of initial load.
[2024.12.20-05.22.55:006][  0]LogUObjectAllocator: 4302048 out of 0 bytes used by permanent object pool.
[2024.12.20-05.22.55:006][  0]LogUObjectArray: CloseDisregardForGC: 0/0 objects in disregard for GC pool
[2024.12.20-05.22.55:324][  0]LogNiagaraDebuggerClient: Niagara Debugger Client Initialized | Session: 2CEBAB9C4DD228067CCBB28EF1443B01 | Instance: 2E87CAC143FCE24148702DB32485601A (DESKTOP-E3HHOR4-13692).
[2024.12.20-05.22.55:367][  0]LogPython: Using Python 3.7.7
[2024.12.20-05.22.55:715][  0]LogTcpMessaging: Initializing TcpMessaging bridge
[2024.12.20-05.22.55:719][  0]LogUdpMessaging: Initializing bridge on interface 0.0.0.0:0 to multicast group 230.0.0.1:6666.
[2024.12.20-05.22.55:874][  0]SourceControl: 소스 컨트롤이 꺼졌습니다.
[2024.12.20-05.22.55:874][  0]SourceControl: 소스 컨트롤이 꺼졌습니다.
[2024.12.20-05.22.55:875][  0]SourceControl: 소스 컨트롤이 꺼졌습니다.
[2024.12.20-05.22.55:877][  0]SourceControl: 소스 컨트롤이 꺼졌습니다.
[2024.12.20-05.22.55:886][  0]SourceControl: 소스 컨트롤이 꺼졌습니다.
[2024.12.20-05.22.55:888][  0]LogUProjectInfo: Found projects:
[2024.12.20-05.22.56:002][  0]LogOpenImageDenoise: OIDN starting up
[2024.12.20-05.22.56:054][  0]LogAndroidPermission: UAndroidPermissionCallbackProxy::GetInstance
[2024.12.20-05.22.56:062][  0]LogAudioCaptureCore: Display: No Audio Capture implementations found. Audio input will be silent.
[2024.12.20-05.22.56:062][  0]LogAudioCaptureCore: Display: No Audio Capture implementations found. Audio input will be silent.
[2024.12.20-05.22.56:151][  0]LogCollectionManager: Loaded 0 collections in 0.001000 seconds
[2024.12.20-05.22.56:167][  0]LogFileCache: Scanning file cache for directory 'C:/Users/admin/Documents/GitHub/Unreal/Unreal_R4D2_Copy/Saved/Collections/' took 0.00s
[2024.12.20-05.22.56:167][  0]LogFileCache: Scanning file cache for directory 'C:/Users/admin/Documents/GitHub/Unreal/Unreal_R4D2_Copy/Content/Developers/admin/Collections/' took 0.00s
[2024.12.20-05.22.56:167][  0]LogFileCache: Scanning file cache for directory 'C:/Users/admin/Documents/GitHub/Unreal/Unreal_R4D2_Copy/Content/Collections/' took 0.00s
[2024.12.20-05.22.56:167][  0]LogOcInput: OculusInput pre-init called
[2024.12.20-05.22.56:347][  0]LogEngine: Initializing Engine...
[2024.12.20-05.22.56:399][  0]LogHMD: Failed to enumerate extensions. Please check that you have a valid OpenXR runtime installed.
[2024.12.20-05.22.56:399][  0]LogHMD: Failed to initialize OpenVR with code 110
[2024.12.20-05.22.56:399][  0]LogMagicLeap: Warning: VR disabled because ZI is not enabled.  To enable, in the editor, Edit -> Project Settings -> Plugins -> Magic Leap Plugin -> Enable Zero Iteration
[2024.12.20-05.22.56:400][  0]LogStats: UGameplayTagsManager::InitializeManager -  0.000 s
[2024.12.20-05.22.56:497][  0]LogInit: Initializing FReadOnlyCVARCache
[2024.12.20-05.22.56:504][  0]LogAIModule: Creating AISystem for world Untitled
[2024.12.20-05.22.56:511][  0]LogAudio: Display: Initializing Audio Device Manager...
[2024.12.20-05.22.56:513][  0]LogAudio: Display: Loading Default Audio Settings Objects...
[2024.12.20-05.22.56:514][  0]LogAudio: Display: No default SoundConcurrencyObject specified (or failed to load).
[2024.12.20-05.22.56:514][  0]LogAudio: Display: Audio Device Manager Initialized
[2024.12.20-05.22.56:514][  0]LogAudio: Display: Creating Audio Device:                 Id: 1, Scope: Shared, Realtime: True
[2024.12.20-05.22.56:514][  0]LogAudioMixer: Display: Audio Mixer Platform Settings:
[2024.12.20-05.22.56:514][  0]LogAudioMixer: Display: 	Sample Rate:						  48000
[2024.12.20-05.22.56:514][  0]LogAudioMixer: Display: 	Callback Buffer Frame Size Requested: 1024
[2024.12.20-05.22.56:514][  0]LogAudioMixer: Display: 	Callback Buffer Frame Size To Use:	  1024
[2024.12.20-05.22.56:514][  0]LogAudioMixer: Display: 	Number of buffers to queue:			  2
[2024.12.20-05.22.56:514][  0]LogAudioMixer: Display: 	Max Channels (voices):				  32
[2024.12.20-05.22.56:514][  0]LogAudioMixer: Display: 	Number of Async Source Workers:		  0
[2024.12.20-05.22.56:514][  0]LogAudio: Display: AudioDevice MaxSources: 32
[2024.12.20-05.22.56:515][  0]LogAudio: Display: Audio Spatialization Plugin: None (built-in).
[2024.12.20-05.22.56:515][  0]LogAudio: Display: Audio Reverb Plugin: None (built-in).
[2024.12.20-05.22.56:515][  0]LogAudio: Display: Audio Occlusion Plugin: None (built-in).
[2024.12.20-05.22.56:515][  0]LogAudioMixer: Display: Initializing audio mixer.
[2024.12.20-05.22.56:523][  0]LogAudioMixer: Display: 0: FrontLeft
[2024.12.20-05.22.56:523][  0]LogAudioMixer: Display: 1: FrontRight
[2024.12.20-05.22.56:684][  0]LogAudioMixer: Display: Using Audio Device 스피커(Realtek(R) Audio)
[2024.12.20-05.22.56:685][  0]LogAudioMixer: Display: Initializing Sound Submixes...
[2024.12.20-05.22.56:687][  0]LogAudioMixer: Display: Creating Master Submix 'MasterSubmixDefault'
[2024.12.20-05.22.56:687][  0]LogAudioMixer: Display: Creating Master Submix 'MasterReverbSubmixDefault'
[2024.12.20-05.22.56:687][  0]LogAudioMixer: Display: Creating Master Submix 'MasterEQSubmixDefault'
[2024.12.20-05.22.56:687][  0]LogAudioMixer: FMixerPlatformXAudio2::StartAudioStream() called
[2024.12.20-05.22.56:687][  0]LogAudioMixer: Display: Output buffers initialized: Frames=1024, Channels=2, Samples=2048
[2024.12.20-05.22.56:688][  0]LogAudioMixer: Display: Starting AudioMixerPlatformInterface::RunInternal()
[2024.12.20-05.22.56:688][  0]LogAudioMixer: Display: FMixerPlatformXAudio2::SubmitBuffer() called for the first time
[2024.12.20-05.22.56:688][  0]LogInit: FAudioDevice initialized.
[2024.12.20-05.22.56:688][  0]LogAudio: Display: Audio Device (ID: 1) registered with world 'Untitled'.
[2024.12.20-05.22.56:689][  0]LogNetVersion: Set ProjectVersion to 1.0.0.0. Version Checksum will be recalculated on next use.
[2024.12.20-05.22.56:727][  0]LogDerivedDataCache: Saved boot cache 0.04s 94MB C:/Users/admin/AppData/Local/UnrealEngine/4.27/DerivedDataCache/Boot.ddc.
[2024.12.20-05.22.56:729][  0]LogInit: Texture streaming: Enabled
[2024.12.20-05.22.56:741][  0]LogAnalytics: Display: [UEEditor.Rocket.Release] APIServer = https://datarouter.ol.epicgames.com/. AppVersion = 4.27.2-18319896+++UE4+Release-4.27
[2024.12.20-05.22.56:743][  0]LogEngineSessionManager: EngineSessionManager initialized
[2024.12.20-05.22.56:744][  0]LogEditorSessionSummary: Verbose: Initializing EditorSessionSummaryWriter for editor session tracking
[2024.12.20-05.22.56:745][  0]LogEditorSessionSummary: EditorSessionSummaryWriter initialized
[2024.12.20-05.22.56:763][  0]LogInit: Transaction tracking system initialized
[2024.12.20-05.22.56:780][  0]BlueprintLog: New page: 에디터 로드
[2024.12.20-05.22.56:824][  0]LocalizationService: 현지화 서비스가 비활성화되었습니다.
[2024.12.20-05.22.56:842][  0]TimingProfiler: Initialize
[2024.12.20-05.22.56:842][  0]TimingProfiler: OnSessionChanged
[2024.12.20-05.22.56:842][  0]LoadingProfiler: Initialize
[2024.12.20-05.22.56:842][  0]LoadingProfiler: OnSessionChanged
[2024.12.20-05.22.56:842][  0]NetworkingProfiler: Initialize
[2024.12.20-05.22.56:842][  0]NetworkingProfiler: OnSessionChanged
[2024.12.20-05.22.56:842][  0]MemoryProfiler: Initialize
[2024.12.20-05.22.56:842][  0]MemoryProfiler: OnSessionChanged
[2024.12.20-05.22.56:947][  0]LogFileCache: Scanning file cache for directory 'C:/Users/admin/Documents/GitHub/Unreal/Unreal_R4D2_Copy/Content/' took 0.00s
[2024.12.20-05.22.56:947][  0]LogCook: Display: CookSettings for Memory: MemoryMaxUsedVirtual 0MiB, MemoryMaxUsedPhysical 16384MiB, MemoryMinFreeVirtual 0MiB, MemoryMinFreePhysical 1024MiB
[2024.12.20-05.22.56:947][  0]LogCook: Display: Mobile HDR setting 1
[2024.12.20-05.22.57:238][  0]LogInit: Display: Engine is initialized. Leaving FEngineLoop::Init()
[2024.12.20-05.22.57:240][  0]SourceControl: 소스 컨트롤이 꺼졌습니다.
[2024.12.20-05.22.57:240][  0]LogUnrealEdMisc: Loading editor; pre map load, took 38.505
[2024.12.20-05.22.57:240][  0]Cmd: MAP LOAD FILE="../../../Engine/Content/Maps/Templates/Template_Default.umap" TEMPLATE=1 SHOWPROGRESS=1 FEATURELEVEL=3
[2024.12.20-05.22.57:240][  0]LightingResults: New page: 라이팅 빌드
[2024.12.20-05.22.57:241][  0]LogWorld: UWorld::CleanupWorld for Untitled, bSessionEnded=true, bCleanupResources=true
[2024.12.20-05.22.57:241][  0]LogSlate: InvalidateAllWidgets triggered.  All widgets were invalidated
[2024.12.20-05.22.57:241][  0]MapCheck: New page: 맵 체크
[2024.12.20-05.22.57:241][  0]LightingResults: New page: 라이팅 빌드
[2024.12.20-05.22.57:245][  0]LogAudio: Display: Audio Device unregistered from world 'None'.
[2024.12.20-05.22.57:247][  0]LogUObjectHash: Compacting FUObjectHashTables data took   0.45ms
[2024.12.20-05.22.57:290][  0]LogTexture: Display: 텍스처 빌드: DeprecatedTextureEB9CBE3C423008B5E8E130901E171C89 (BGRA8, 128X128)
[2024.12.20-05.22.57:296][  0]LogAudio: Display: Audio Device (ID: 1) registered with world 'Untitled_1'.
[2024.12.20-05.22.57:298][  0]LogAIModule: Creating AISystem for world Untitled_1
[2024.12.20-05.22.57:305][  0]LogEditorServer: Finished looking for orphan Actors (0.000 secs)
[2024.12.20-05.22.57:309][  0]LogUObjectHash: Compacting FUObjectHashTables data took   0.50ms
[2024.12.20-05.22.57:310][  0]Cmd: MAP CHECKDEP NOCLEARLOG
[2024.12.20-05.22.57:310][  0]MapCheck: 맵 체크 완료: 오류 0 회, 경고 0 회, 소요 시간 0.117ms.
[2024.12.20-05.22.57:310][  0]LogFileHelpers: Loading map 'Template_Default' took 0.069
[2024.12.20-05.22.57:311][  0]LogUnrealEdMisc: Total Editor Startup Time, took 38.576
[2024.12.20-05.22.57:367][  0]LogWindowsTextInputMethodSystem: Display: IME system activated using TSF (Microsoft 입력기).
[2024.12.20-05.22.57:449][  0]LogSlate: Updating window title bar state: overlay mode, drag disabled, window buttons hidden, title bar hidden
[2024.12.20-05.22.57:453][  0]LogSlate: Updating window title bar state: overlay mode, drag disabled, window buttons hidden, title bar hidden
[2024.12.20-05.22.57:456][  0]LogSlate: Updating window title bar state: overlay mode, drag disabled, window buttons hidden, title bar hidden
[2024.12.20-05.22.57:459][  0]LogSlate: Updating window title bar state: overlay mode, drag disabled, window buttons hidden, title bar hidden
[2024.12.20-05.22.57:490][  0]LogNativeClassHierarchy: Verbose: Native class hierarchy populated in 0.0065 seconds. Added 3823 classes and 930 folders.
[2024.12.20-05.22.57:496][  0]LogNativeClassHierarchy: Verbose: Native class hierarchy updated for 'WidgetCarousel' in 0.0002 seconds. Added 0 classes and 0 folders.
[2024.12.20-05.22.57:520][  0]LogPakFile: PakFile PrimaryIndexSize=187
[2024.12.20-05.22.57:520][  0]LogPakFile: PakFile PathHashIndexSize=101
[2024.12.20-05.22.57:520][  0]LogPakFile: PakFile FullDirectoryIndexSize=148
[2024.12.20-05.22.57:520][  0]LogShaderLibrary: Display: ShaderCodeLibraryPakFileMountedCallback: PakFile 'C:/Program Files/Epic Games/UE_4.27/FeaturePacks/FP_FirstPerson.upack' (chunk index -1, root 'root:/') mounted
[2024.12.20-05.22.57:520][  0]LogShaderLibrary: Display: ShaderCodeLibraryPakFileMountedCallback: pending pak file info (ChunkID:-1 Root:root:/ File:C:/Program Files/Epic Games/UE_4.27/FeaturePacks/FP_FirstPerson.upack)
[2024.12.20-05.22.57:521][  0]LogPakFile: OnPakFileMounted2Time == 0.000657
[2024.12.20-05.22.57:528][  0]LogPakFile: PakFile PrimaryIndexSize=189
[2024.12.20-05.22.57:528][  0]LogPakFile: PakFile PathHashIndexSize=101
[2024.12.20-05.22.57:528][  0]LogPakFile: PakFile FullDirectoryIndexSize=152
[2024.12.20-05.22.57:528][  0]LogShaderLibrary: Display: ShaderCodeLibraryPakFileMountedCallback: PakFile 'C:/Program Files/Epic Games/UE_4.27/FeaturePacks/FP_FirstPersonBP.upack' (chunk index -1, root 'root:/') mounted
[2024.12.20-05.22.57:528][  0]LogShaderLibrary: Display: ShaderCodeLibraryPakFileMountedCallback: pending pak file info (ChunkID:-1 Root:root:/ File:C:/Program Files/Epic Games/UE_4.27/FeaturePacks/FP_FirstPersonBP.upack)
[2024.12.20-05.22.57:528][  0]LogPakFile: OnPakFileMounted2Time == 0.000029
[2024.12.20-05.22.57:534][  0]LogPakFile: PakFile PrimaryIndexSize=191
[2024.12.20-05.22.57:534][  0]LogPakFile: PakFile PathHashIndexSize=101
[2024.12.20-05.22.57:534][  0]LogPakFile: PakFile FullDirectoryIndexSize=160
[2024.12.20-05.22.57:534][  0]LogShaderLibrary: Display: ShaderCodeLibraryPakFileMountedCallback: PakFile 'C:/Program Files/Epic Games/UE_4.27/FeaturePacks/MobileStarterContent.upack' (chunk index -1, root 'root:/') mounted
[2024.12.20-05.22.57:534][  0]LogShaderLibrary: Display: ShaderCodeLibraryPakFileMountedCallback: pending pak file info (ChunkID:-1 Root:root:/ File:C:/Program Files/Epic Games/UE_4.27/FeaturePacks/MobileStarterContent.upack)
[2024.12.20-05.22.57:534][  0]LogPakFile: OnPakFileMounted2Time == 0.000027
[2024.12.20-05.22.57:540][  0]LogPakFile: PakFile PrimaryIndexSize=185
[2024.12.20-05.22.57:540][  0]LogPakFile: PakFile PathHashIndexSize=101
[2024.12.20-05.22.57:540][  0]LogPakFile: PakFile FullDirectoryIndexSize=148
[2024.12.20-05.22.57:540][  0]LogShaderLibrary: Display: ShaderCodeLibraryPakFileMountedCallback: PakFile 'C:/Program Files/Epic Games/UE_4.27/FeaturePacks/StarterContent.upack' (chunk index -1, root 'root:/') mounted
[2024.12.20-05.22.57:540][  0]LogShaderLibrary: Display: ShaderCodeLibraryPakFileMountedCallback: pending pak file info (ChunkID:-1 Root:root:/ File:C:/Program Files/Epic Games/UE_4.27/FeaturePacks/StarterContent.upack)
[2024.12.20-05.22.57:540][  0]LogPakFile: OnPakFileMounted2Time == 0.000031
[2024.12.20-05.22.57:545][  0]LogPakFile: PakFile PrimaryIndexSize=190
[2024.12.20-05.22.57:545][  0]LogPakFile: PakFile PathHashIndexSize=101
[2024.12.20-05.22.57:545][  0]LogPakFile: PakFile FullDirectoryIndexSize=154
[2024.12.20-05.22.57:545][  0]LogShaderLibrary: Display: ShaderCodeLibraryPakFileMountedCallback: PakFile 'C:/Program Files/Epic Games/UE_4.27/FeaturePacks/TP_2DSideScroller.upack' (chunk index -1, root 'root:/') mounted
[2024.12.20-05.22.57:545][  0]LogShaderLibrary: Display: ShaderCodeLibraryPakFileMountedCallback: pending pak file info (ChunkID:-1 Root:root:/ File:C:/Program Files/Epic Games/UE_4.27/FeaturePacks/TP_2DSideScroller.upack)
[2024.12.20-05.22.57:545][  0]LogPakFile: OnPakFileMounted2Time == 0.000026
[2024.12.20-05.22.57:550][  0]LogPakFile: PakFile PrimaryIndexSize=192
[2024.12.20-05.22.57:550][  0]LogPakFile: PakFile PathHashIndexSize=101
[2024.12.20-05.22.57:550][  0]LogPakFile: PakFile FullDirectoryIndexSize=158
[2024.12.20-05.22.57:550][  0]LogShaderLibrary: Display: ShaderCodeLibraryPakFileMountedCallback: PakFile 'C:/Program Files/Epic Games/UE_4.27/FeaturePacks/TP_2DSideScrollerBP.upack' (chunk index -1, root 'root:/') mounted
[2024.12.20-05.22.57:550][  0]LogShaderLibrary: Display: ShaderCodeLibraryPakFileMountedCallback: pending pak file info (ChunkID:-1 Root:root:/ File:C:/Program Files/Epic Games/UE_4.27/FeaturePacks/TP_2DSideScrollerBP.upack)
[2024.12.20-05.22.57:550][  0]LogPakFile: OnPakFileMounted2Time == 0.000024
[2024.12.20-05.22.57:555][  0]LogPakFile: PakFile PrimaryIndexSize=182
[2024.12.20-05.22.57:555][  0]LogPakFile: PakFile PathHashIndexSize=101
[2024.12.20-05.22.57:555][  0]LogPakFile: PakFile FullDirectoryIndexSize=138
[2024.12.20-05.22.57:555][  0]LogShaderLibrary: Display: ShaderCodeLibraryPakFileMountedCallback: PakFile 'C:/Program Files/Epic Games/UE_4.27/FeaturePacks/TP_Flying.upack' (chunk index -1, root 'root:/') mounted
[2024.12.20-05.22.57:555][  0]LogShaderLibrary: Display: ShaderCodeLibraryPakFileMountedCallback: pending pak file info (ChunkID:-1 Root:root:/ File:C:/Program Files/Epic Games/UE_4.27/FeaturePacks/TP_Flying.upack)
[2024.12.20-05.22.57:555][  0]LogPakFile: OnPakFileMounted2Time == 0.000024
[2024.12.20-05.22.57:560][  0]LogPakFile: PakFile PrimaryIndexSize=184
[2024.12.20-05.22.57:560][  0]LogPakFile: PakFile PathHashIndexSize=101
[2024.12.20-05.22.57:560][  0]LogPakFile: PakFile FullDirectoryIndexSize=142
[2024.12.20-05.22.57:560][  0]LogShaderLibrary: Display: ShaderCodeLibraryPakFileMountedCallback: PakFile 'C:/Program Files/Epic Games/UE_4.27/FeaturePacks/TP_FlyingBP.upack' (chunk index -1, root 'root:/') mounted
[2024.12.20-05.22.57:560][  0]LogShaderLibrary: Display: ShaderCodeLibraryPakFileMountedCallback: pending pak file info (ChunkID:-1 Root:root:/ File:C:/Program Files/Epic Games/UE_4.27/FeaturePacks/TP_FlyingBP.upack)
[2024.12.20-05.22.57:560][  0]LogPakFile: OnPakFileMounted2Time == 0.000023
[2024.12.20-05.22.57:566][  0]LogPakFile: PakFile PrimaryIndexSize=188
[2024.12.20-05.22.57:566][  0]LogPakFile: PakFile PathHashIndexSize=101
[2024.12.20-05.22.57:566][  0]LogPakFile: PakFile FullDirectoryIndexSize=150
[2024.12.20-05.22.57:566][  0]LogShaderLibrary: Display: ShaderCodeLibraryPakFileMountedCallback: PakFile 'C:/Program Files/Epic Games/UE_4.27/FeaturePacks/TP_HandheldARBP.upack' (chunk index -1, root 'root:/') mounted
[2024.12.20-05.22.57:566][  0]LogShaderLibrary: Display: ShaderCodeLibraryPakFileMountedCallback: pending pak file info (ChunkID:-1 Root:root:/ File:C:/Program Files/Epic Games/UE_4.27/FeaturePacks/TP_HandheldARBP.upack)
[2024.12.20-05.22.57:566][  0]LogPakFile: OnPakFileMounted2Time == 0.000034
[2024.12.20-05.22.57:573][  0]LogPakFile: PakFile PrimaryIndexSize=182
[2024.12.20-05.22.57:573][  0]LogPakFile: PakFile PathHashIndexSize=101
[2024.12.20-05.22.57:573][  0]LogPakFile: PakFile FullDirectoryIndexSize=138
[2024.12.20-05.22.57:574][  0]LogShaderLibrary: Display: ShaderCodeLibraryPakFileMountedCallback: PakFile 'C:/Program Files/Epic Games/UE_4.27/FeaturePacks/TP_Puzzle.upack' (chunk index -1, root 'root:/') mounted
[2024.12.20-05.22.57:574][  0]LogShaderLibrary: Display: ShaderCodeLibraryPakFileMountedCallback: pending pak file info (ChunkID:-1 Root:root:/ File:C:/Program Files/Epic Games/UE_4.27/FeaturePacks/TP_Puzzle.upack)
[2024.12.20-05.22.57:574][  0]LogPakFile: OnPakFileMounted2Time == 0.000028
[2024.12.20-05.22.57:578][  0]LogPakFile: PakFile PrimaryIndexSize=184
[2024.12.20-05.22.57:578][  0]LogPakFile: PakFile PathHashIndexSize=101
[2024.12.20-05.22.57:578][  0]LogPakFile: PakFile FullDirectoryIndexSize=142
[2024.12.20-05.22.57:578][  0]LogShaderLibrary: Display: ShaderCodeLibraryPakFileMountedCallback: PakFile 'C:/Program Files/Epic Games/UE_4.27/FeaturePacks/TP_PuzzleBP.upack' (chunk index -1, root 'root:/') mounted
[2024.12.20-05.22.57:578][  0]LogShaderLibrary: Display: ShaderCodeLibraryPakFileMountedCallback: pending pak file info (ChunkID:-1 Root:root:/ File:C:/Program Files/Epic Games/UE_4.27/FeaturePacks/TP_PuzzleBP.upack)
[2024.12.20-05.22.57:578][  0]LogPakFile: OnPakFileMounted2Time == 0.000024
[2024.12.20-05.22.57:585][  0]LogPakFile: PakFile PrimaryIndexSize=183
[2024.12.20-05.22.57:585][  0]LogPakFile: PakFile PathHashIndexSize=101
[2024.12.20-05.22.57:585][  0]LogPakFile: PakFile FullDirectoryIndexSize=140
[2024.12.20-05.22.57:585][  0]LogShaderLibrary: Display: ShaderCodeLibraryPakFileMountedCallback: PakFile 'C:/Program Files/Epic Games/UE_4.27/FeaturePacks/TP_Rolling.upack' (chunk index -1, root 'root:/') mounted
[2024.12.20-05.22.57:585][  0]LogShaderLibrary: Display: ShaderCodeLibraryPakFileMountedCallback: pending pak file info (ChunkID:-1 Root:root:/ File:C:/Program Files/Epic Games/UE_4.27/FeaturePacks/TP_Rolling.upack)
[2024.12.20-05.22.57:585][  0]LogPakFile: OnPakFileMounted2Time == 0.000028
[2024.12.20-05.22.57:590][  0]LogPakFile: PakFile PrimaryIndexSize=185
[2024.12.20-05.22.57:590][  0]LogPakFile: PakFile PathHashIndexSize=101
[2024.12.20-05.22.57:590][  0]LogPakFile: PakFile FullDirectoryIndexSize=144
[2024.12.20-05.22.57:590][  0]LogShaderLibrary: Display: ShaderCodeLibraryPakFileMountedCallback: PakFile 'C:/Program Files/Epic Games/UE_4.27/FeaturePacks/TP_RollingBP.upack' (chunk index -1, root 'root:/') mounted
[2024.12.20-05.22.57:590][  0]LogShaderLibrary: Display: ShaderCodeLibraryPakFileMountedCallback: pending pak file info (ChunkID:-1 Root:root:/ File:C:/Program Files/Epic Games/UE_4.27/FeaturePacks/TP_RollingBP.upack)
[2024.12.20-05.22.57:590][  0]LogPakFile: OnPakFileMounted2Time == 0.000023
[2024.12.20-05.22.57:595][  0]LogPakFile: PakFile PrimaryIndexSize=188
[2024.12.20-05.22.57:595][  0]LogPakFile: PakFile PathHashIndexSize=101
[2024.12.20-05.22.57:595][  0]LogPakFile: PakFile FullDirectoryIndexSize=150
[2024.12.20-05.22.57:595][  0]LogShaderLibrary: Display: ShaderCodeLibraryPakFileMountedCallback: PakFile 'C:/Program Files/Epic Games/UE_4.27/FeaturePacks/TP_SideScroller.upack' (chunk index -1, root 'root:/') mounted
[2024.12.20-05.22.57:595][  0]LogShaderLibrary: Display: ShaderCodeLibraryPakFileMountedCallback: pending pak file info (ChunkID:-1 Root:root:/ File:C:/Program Files/Epic Games/UE_4.27/FeaturePacks/TP_SideScroller.upack)
[2024.12.20-05.22.57:595][  0]LogPakFile: OnPakFileMounted2Time == 0.000028
[2024.12.20-05.22.57:600][  0]LogPakFile: PakFile PrimaryIndexSize=190
[2024.12.20-05.22.57:600][  0]LogPakFile: PakFile PathHashIndexSize=101
[2024.12.20-05.22.57:600][  0]LogPakFile: PakFile FullDirectoryIndexSize=154
[2024.12.20-05.22.57:600][  0]LogShaderLibrary: Display: ShaderCodeLibraryPakFileMountedCallback: PakFile 'C:/Program Files/Epic Games/UE_4.27/FeaturePacks/TP_SideScrollerBP.upack' (chunk index -1, root 'root:/') mounted
[2024.12.20-05.22.57:600][  0]LogShaderLibrary: Display: ShaderCodeLibraryPakFileMountedCallback: pending pak file info (ChunkID:-1 Root:root:/ File:C:/Program Files/Epic Games/UE_4.27/FeaturePacks/TP_SideScrollerBP.upack)
[2024.12.20-05.22.57:600][  0]LogPakFile: OnPakFileMounted2Time == 0.000026
[2024.12.20-05.22.57:605][  0]LogPakFile: PakFile PrimaryIndexSize=187
[2024.12.20-05.22.57:605][  0]LogPakFile: PakFile PathHashIndexSize=101
[2024.12.20-05.22.57:605][  0]LogPakFile: PakFile FullDirectoryIndexSize=148
[2024.12.20-05.22.57:605][  0]LogShaderLibrary: Display: ShaderCodeLibraryPakFileMountedCallback: PakFile 'C:/Program Files/Epic Games/UE_4.27/FeaturePacks/TP_ThirdPerson.upack' (chunk index -1, root 'root:/') mounted
[2024.12.20-05.22.57:605][  0]LogShaderLibrary: Display: ShaderCodeLibraryPakFileMountedCallback: pending pak file info (ChunkID:-1 Root:root:/ File:C:/Program Files/Epic Games/UE_4.27/FeaturePacks/TP_ThirdPerson.upack)
[2024.12.20-05.22.57:605][  0]LogPakFile: OnPakFileMounted2Time == 0.000024
[2024.12.20-05.22.57:609][  0]LogPakFile: PakFile PrimaryIndexSize=189
[2024.12.20-05.22.57:609][  0]LogPakFile: PakFile PathHashIndexSize=101
[2024.12.20-05.22.57:609][  0]LogPakFile: PakFile FullDirectoryIndexSize=152
[2024.12.20-05.22.57:609][  0]LogShaderLibrary: Display: ShaderCodeLibraryPakFileMountedCallback: PakFile 'C:/Program Files/Epic Games/UE_4.27/FeaturePacks/TP_ThirdPersonBP.upack' (chunk index -1, root 'root:/') mounted
[2024.12.20-05.22.57:609][  0]LogShaderLibrary: Display: ShaderCodeLibraryPakFileMountedCallback: pending pak file info (ChunkID:-1 Root:root:/ File:C:/Program Files/Epic Games/UE_4.27/FeaturePacks/TP_ThirdPersonBP.upack)
[2024.12.20-05.22.57:609][  0]LogPakFile: OnPakFileMounted2Time == 0.000031
[2024.12.20-05.22.57:615][  0]LogPakFile: PakFile PrimaryIndexSize=183
[2024.12.20-05.22.57:615][  0]LogPakFile: PakFile PathHashIndexSize=101
[2024.12.20-05.22.57:615][  0]LogPakFile: PakFile FullDirectoryIndexSize=140
[2024.12.20-05.22.57:615][  0]LogShaderLibrary: Display: ShaderCodeLibraryPakFileMountedCallback: PakFile 'C:/Program Files/Epic Games/UE_4.27/FeaturePacks/TP_TopDown.upack' (chunk index -1, root 'root:/') mounted
[2024.12.20-05.22.57:615][  0]LogShaderLibrary: Display: ShaderCodeLibraryPakFileMountedCallback: pending pak file info (ChunkID:-1 Root:root:/ File:C:/Program Files/Epic Games/UE_4.27/FeaturePacks/TP_TopDown.upack)
[2024.12.20-05.22.57:615][  0]LogPakFile: OnPakFileMounted2Time == 0.000030
[2024.12.20-05.22.57:619][  0]LogPakFile: PakFile PrimaryIndexSize=185
[2024.12.20-05.22.57:619][  0]LogPakFile: PakFile PathHashIndexSize=101
[2024.12.20-05.22.57:619][  0]LogPakFile: PakFile FullDirectoryIndexSize=144
[2024.12.20-05.22.57:619][  0]LogShaderLibrary: Display: ShaderCodeLibraryPakFileMountedCallback: PakFile 'C:/Program Files/Epic Games/UE_4.27/FeaturePacks/TP_TopDownBP.upack' (chunk index -1, root 'root:/') mounted
[2024.12.20-05.22.57:619][  0]LogShaderLibrary: Display: ShaderCodeLibraryPakFileMountedCallback: pending pak file info (ChunkID:-1 Root:root:/ File:C:/Program Files/Epic Games/UE_4.27/FeaturePacks/TP_TopDownBP.upack)
[2024.12.20-05.22.57:619][  0]LogPakFile: OnPakFileMounted2Time == 0.000027
[2024.12.20-05.22.57:626][  0]LogPakFile: PakFile PrimaryIndexSize=185
[2024.12.20-05.22.57:627][  0]LogPakFile: PakFile PathHashIndexSize=101
[2024.12.20-05.22.57:627][  0]LogPakFile: PakFile FullDirectoryIndexSize=144
[2024.12.20-05.22.57:627][  0]LogShaderLibrary: Display: ShaderCodeLibraryPakFileMountedCallback: PakFile 'C:/Program Files/Epic Games/UE_4.27/FeaturePacks/TP_TwinStick.upack' (chunk index -1, root 'root:/') mounted
[2024.12.20-05.22.57:627][  0]LogShaderLibrary: Display: ShaderCodeLibraryPakFileMountedCallback: pending pak file info (ChunkID:-1 Root:root:/ File:C:/Program Files/Epic Games/UE_4.27/FeaturePacks/TP_TwinStick.upack)
[2024.12.20-05.22.57:627][  0]LogPakFile: OnPakFileMounted2Time == 0.000032
[2024.12.20-05.22.57:632][  0]LogPakFile: PakFile PrimaryIndexSize=187
[2024.12.20-05.22.57:632][  0]LogPakFile: PakFile PathHashIndexSize=101
[2024.12.20-05.22.57:632][  0]LogPakFile: PakFile FullDirectoryIndexSize=148
[2024.12.20-05.22.57:632][  0]LogShaderLibrary: Display: ShaderCodeLibraryPakFileMountedCallback: PakFile 'C:/Program Files/Epic Games/UE_4.27/FeaturePacks/TP_TwinStickBP.upack' (chunk index -1, root 'root:/') mounted
[2024.12.20-05.22.57:632][  0]LogShaderLibrary: Display: ShaderCodeLibraryPakFileMountedCallback: pending pak file info (ChunkID:-1 Root:root:/ File:C:/Program Files/Epic Games/UE_4.27/FeaturePacks/TP_TwinStickBP.upack)
[2024.12.20-05.22.57:632][  0]LogPakFile: OnPakFileMounted2Time == 0.000027
[2024.12.20-05.22.57:638][  0]LogPakFile: PakFile PrimaryIndexSize=183
[2024.12.20-05.22.57:638][  0]LogPakFile: PakFile PathHashIndexSize=101
[2024.12.20-05.22.57:638][  0]LogPakFile: PakFile FullDirectoryIndexSize=140
[2024.12.20-05.22.57:638][  0]LogShaderLibrary: Display: ShaderCodeLibraryPakFileMountedCallback: PakFile 'C:/Program Files/Epic Games/UE_4.27/FeaturePacks/TP_Vehicle.upack' (chunk index -1, root 'root:/') mounted
[2024.12.20-05.22.57:638][  0]LogShaderLibrary: Display: ShaderCodeLibraryPakFileMountedCallback: pending pak file info (ChunkID:-1 Root:root:/ File:C:/Program Files/Epic Games/UE_4.27/FeaturePacks/TP_Vehicle.upack)
[2024.12.20-05.22.57:638][  0]LogPakFile: OnPakFileMounted2Time == 0.000023
[2024.12.20-05.22.57:643][  0]LogPakFile: PakFile PrimaryIndexSize=186
[2024.12.20-05.22.57:643][  0]LogPakFile: PakFile PathHashIndexSize=101
[2024.12.20-05.22.57:643][  0]LogPakFile: PakFile FullDirectoryIndexSize=146
[2024.12.20-05.22.57:643][  0]LogShaderLibrary: Display: ShaderCodeLibraryPakFileMountedCallback: PakFile 'C:/Program Files/Epic Games/UE_4.27/FeaturePacks/TP_VehicleAdv.upack' (chunk index -1, root 'root:/') mounted
[2024.12.20-05.22.57:643][  0]LogShaderLibrary: Display: ShaderCodeLibraryPakFileMountedCallback: pending pak file info (ChunkID:-1 Root:root:/ File:C:/Program Files/Epic Games/UE_4.27/FeaturePacks/TP_VehicleAdv.upack)
[2024.12.20-05.22.57:643][  0]LogPakFile: OnPakFileMounted2Time == 0.000028
[2024.12.20-05.22.57:648][  0]LogPakFile: PakFile PrimaryIndexSize=188
[2024.12.20-05.22.57:648][  0]LogPakFile: PakFile PathHashIndexSize=101
[2024.12.20-05.22.57:648][  0]LogPakFile: PakFile FullDirectoryIndexSize=150
[2024.12.20-05.22.57:648][  0]LogShaderLibrary: Display: ShaderCodeLibraryPakFileMountedCallback: PakFile 'C:/Program Files/Epic Games/UE_4.27/FeaturePacks/TP_VehicleAdvBP.upack' (chunk index -1, root 'root:/') mounted
[2024.12.20-05.22.57:648][  0]LogShaderLibrary: Display: ShaderCodeLibraryPakFileMountedCallback: pending pak file info (ChunkID:-1 Root:root:/ File:C:/Program Files/Epic Games/UE_4.27/FeaturePacks/TP_VehicleAdvBP.upack)
[2024.12.20-05.22.57:648][  0]LogPakFile: OnPakFileMounted2Time == 0.000027
[2024.12.20-05.22.57:653][  0]LogPakFile: PakFile PrimaryIndexSize=185
[2024.12.20-05.22.57:653][  0]LogPakFile: PakFile PathHashIndexSize=101
[2024.12.20-05.22.57:653][  0]LogPakFile: PakFile FullDirectoryIndexSize=144
[2024.12.20-05.22.57:653][  0]LogShaderLibrary: Display: ShaderCodeLibraryPakFileMountedCallback: PakFile 'C:/Program Files/Epic Games/UE_4.27/FeaturePacks/TP_VehicleBP.upack' (chunk index -1, root 'root:/') mounted
[2024.12.20-05.22.57:653][  0]LogShaderLibrary: Display: ShaderCodeLibraryPakFileMountedCallback: pending pak file info (ChunkID:-1 Root:root:/ File:C:/Program Files/Epic Games/UE_4.27/FeaturePacks/TP_VehicleBP.upack)
[2024.12.20-05.22.57:653][  0]LogPakFile: OnPakFileMounted2Time == 0.000023
[2024.12.20-05.22.57:658][  0]LogPakFile: PakFile PrimaryIndexSize=192
[2024.12.20-05.22.57:658][  0]LogPakFile: PakFile PathHashIndexSize=101
[2024.12.20-05.22.57:658][  0]LogPakFile: PakFile FullDirectoryIndexSize=158
[2024.12.20-05.22.57:658][  0]LogShaderLibrary: Display: ShaderCodeLibraryPakFileMountedCallback: PakFile 'C:/Program Files/Epic Games/UE_4.27/FeaturePacks/TP_VirtualRealityBP.upack' (chunk index -1, root 'root:/') mounted
[2024.12.20-05.22.57:658][  0]LogShaderLibrary: Display: ShaderCodeLibraryPakFileMountedCallback: pending pak file info (ChunkID:-1 Root:root:/ File:C:/Program Files/Epic Games/UE_4.27/FeaturePacks/TP_VirtualRealityBP.upack)
[2024.12.20-05.22.57:658][  0]LogPakFile: OnPakFileMounted2Time == 0.000029
[2024.12.20-05.22.57:812][  0]LogNativeClassHierarchy: Verbose: Native class hierarchy updated for 'AddContentDialog' in 0.0002 seconds. Added 0 classes and 0 folders.
[2024.12.20-05.22.57:820][  0]LogNativeClassHierarchy: Verbose: Native class hierarchy updated for 'SceneOutliner' in 0.0002 seconds. Added 2 classes and 0 folders.
[2024.12.20-05.22.57:920][  0]LogSlate: Took 0.000134 seconds to synchronously load lazily loaded font '../../../Engine/Content/Slate/Fonts/Roboto-Regular.ttf' (155K)
[2024.12.20-05.22.57:922][  0]LogSlate: Took 0.001225 seconds to synchronously load lazily loaded font '../../../Engine/Content/Editor/Slate/Fonts/NanumGothic.ttf' (4243K)
[2024.12.20-05.22.57:926][  0]LogSlate: Took 0.004799 seconds to synchronously load lazily loaded font '../../../Engine/Content/Editor/Slate/Fonts/FontAwesome.ttf' (139K)
[2024.12.20-05.22.57:928][  0]LogSlate: Took 0.001291 seconds to synchronously load lazily loaded font '../../../Engine/Content/Editor/Slate/Fonts/NanumGothicBold.ttf' (4188K)
[2024.12.20-05.22.57:929][  0]LogSlate: Took 0.000107 seconds to synchronously load lazily loaded font '../../../Engine/Content/Slate/Fonts/Roboto-Bold.ttf' (160K)
[2024.12.20-05.22.58:078][  0]LogRenderer: Reallocating scene render targets to support 1072x540 Format 10 NumSamples 1 (Frame:1).
[2024.12.20-05.22.58:210][  0]LogNativeClassHierarchy: Verbose: Native class hierarchy updated for 'HierarchicalLODOutliner' in 0.0002 seconds. Added 0 classes and 0 folders.
[2024.12.20-05.22.58:210][  0]LogLoad: (Engine Initialization) Total time: 39.48 seconds
[2024.12.20-05.22.58:210][  0]LogLoad: (Engine Initialization) Total Blueprint compile time: 0.00 seconds
[2024.12.20-05.22.58:254][  0]LogAssetRegistry: Asset discovery search completed in 4.1966 seconds
[2024.12.20-05.22.58:258][  0]LogCollectionManager: Fixed up redirectors for 0 collections in 0.000003 seconds (updated 0 objects)
[2024.12.20-05.22.58:261][  0]LogContentStreaming: Texture pool size now 1000 MB
[2024.12.20-05.23.07:703][564]LogEditorViewport: Clicking on Actor (LMB): BP_Sky_Sphere_C (Sky Sphere)
[2024.12.20-05.23.12:270][699]LogSlate: Window '레벨 다른 이름으로 저장' being destroyed
[2024.12.20-05.23.19:112][734]LogSlate: Window '레벨 다른 이름으로 저장' being destroyed
[2024.12.20-05.23.27:253][980]LogSlate: Window '레벨 다른 이름으로 저장' being destroyed
[2024.12.20-05.23.31:190][216]LogEditorViewport: Clicking on Actor (LMB): Actor (Actor)
[2024.12.20-05.23.32:565][298]Cmd: DELETE
[2024.12.20-05.23.32:565][298]Cmd: ACTOR DELETE
[2024.12.20-05.23.32:571][298]LogEditorActor: Deleted Actor: Actor
[2024.12.20-05.23.32:575][298]LogUObjectHash: Compacting FUObjectHashTables data took   0.41ms
[2024.12.20-05.23.32:576][298]LogEditorActor: Deleted 1 Actors (0.006 secs)
[2024.12.20-05.23.40:746][785]LogContentBrowser: Deferred new asset folder creation: NewFolder
[2024.12.20-05.23.40:754][785]LogContentBrowser: Creating deferred item: NewFolder
[2024.12.20-05.23.49:211][293]LogContentBrowser: Attempting asset rename: NewFolder -> BP
[2024.12.20-05.23.49:211][293]LogContentBrowser: End creating deferred item NewFolder
